#
# There is insufficient memory for the Java Runtime Environment to continue.
# Native memory allocation (mmap) failed to map 201326592 bytes for G1 virtual space
# Possible reasons:
#   The system is out of physical RAM or swap space
#   The process is running with CompressedOops enabled, and the Java Heap may be blocking the growth of the native heap
# Possible solutions:
#   Reduce memory load on the system
#   Increase physical memory or swap space
#   Check if swap backing store is full
#   Decrease Java heap size (-Xmx/-Xms)
#   Decrease number of Java threads
#   Decrease Java thread stack sizes (-Xss)
#   Set larger code cache with -XX:ReservedCodeCacheSize=
#   JVM is running with Zero Based Compressed Oops mode in which the Java heap is
#     placed in the first 32GB address space. The Java Heap base address is the
#     maximum limit for the native heap growth. Please use -XX:HeapBaseMinAddress
#     to set the Java Heap base and to place the Java Heap above 32GB virtual address.
# This output file may be truncated or incomplete.
#
#  Out of Memory Error (os_windows.cpp:3536), pid=17836, tid=13340
#
# JRE version:  (19.0.2+7) (build )
# Java VM: Java HotSpot(TM) 64-Bit Server VM (19.0.2+7-44, mixed mode, sharing, tiered, compressed oops, compressed class ptrs, g1 gc, windows-amd64)
# No core dump will be written. Minidumps are not enabled by default on client versions of Windows
#

---------------  S U M M A R Y ------------

Command Line: C:\Users\APC\AppData\Local\Temp\surefire9129263101953823069\surefirebooter-20241225104707537_3.jar C:\Users\APC\AppData\Local\Temp\surefire9129263101953823069 2024-12-25T10-47-07_368-jvmRun1 surefire-20241225104707537_1tmp surefire_0-20241225104707537_2tmp

Host: Intel(R) Core(TM) i5-8250U CPU @ 1.60GHz, 8 cores, 11G,  Windows 10 , 64 bit Build 19041 (10.0.19041.5198)
Time: Wed Dec 25 10:47:08 2024 SE Asia Standard Time elapsed time: 0.017769 seconds (0d 0h 0m 0s)

---------------  T H R E A D  ---------------

Current thread (0x000001ac7a153250):  JavaThread "Unknown thread" [_thread_in_vm, id=13340, stack(0x0000005de0000000,0x0000005de0100000)]

Stack: [0x0000005de0000000,0x0000005de0100000]
Native frames: (J=compiled Java code, j=interpreted, Vv=VM code, C=native code)
V  [jvm.dll+0x6ee21a]
V  [jvm.dll+0x85765e]
V  [jvm.dll+0x85904e]
V  [jvm.dll+0x859703]
V  [jvm.dll+0x28298f]
V  [jvm.dll+0x6eb009]
V  [jvm.dll+0x6dfbaa]
V  [jvm.dll+0x3573f6]
V  [jvm.dll+0x35ee56]
V  [jvm.dll+0x3b541e]
V  [jvm.dll+0x3b564f]
V  [jvm.dll+0x32c9ea]
V  [jvm.dll+0x32d89e]
V  [jvm.dll+0x821780]
V  [jvm.dll+0x3c2661]
V  [jvm.dll+0x801f51]
V  [jvm.dll+0x44ae8f]
V  [jvm.dll+0x44c811]
C  [jli.dll+0x5287]
C  [ucrtbase.dll+0x21bb2]
C  [KERNEL32.DLL+0x17374]
C  [ntdll.dll+0x4cc91]


---------------  P R O C E S S  ---------------

Threads class SMR info:
_java_thread_list=0x00007ffb43cfd048, length=0, elements={
}

Java Threads: ( => current thread )

Other Threads:
  0x000001ac7a1b1500 WorkerThread "GC Thread#0" [stack: 0x0000005de0100000,0x0000005de0200000] [id=13192]
  0x000001ac7a1bf2a0 ConcurrentGCThread "G1 Main Marker" [stack: 0x0000005de0200000,0x0000005de0300000] [id=4896]
  0x000001ac7a1c0650 WorkerThread "G1 Conc#0" [stack: 0x0000005de0300000,0x0000005de0400000] [id=17388]

[error occurred during error reporting (printing all threads), id 0xc0000005, EXCEPTION_ACCESS_VIOLATION (0xc0000005) at pc=0x00007ffb434bd427]

VM state: not at safepoint (not fully initialized)

VM Mutex/Monitor currently owned by a thread:  ([mutex/lock_event])
[0x000001ac7a14f760] Heap_lock - owner thread: 0x000001ac7a153250

Heap address: 0x0000000741800000, size: 3048 MB, Compressed Oops mode: Zero based, Oop shift amount: 3

CDS archive(s) mapped at: [0x0000000000000000-0x0000000000000000-0x0000000000000000), size 0, SharedBaseAddress: 0x0000000800000000, ArchiveRelocationMode: 0.
Narrow klass base: 0x0000000000000000, Narrow klass shift: 0, Narrow klass range: 0x0

GC Precious Log:
 CardTable entry size: 512
 Card Set container configuration: InlinePtr #cards 4 size 8 Array Of Cards #cards 16 size 48 Howl #buckets 8 coarsen threshold 3686 Howl Bitmap #cards 512 size 80 coarsen threshold 460 Card regions per heap region 1 cards per card region 4096

Heap:
 garbage-first heap   total 0K, used 0K [0x0000000741800000, 0x0000000800000000)
  region size 2048K, 0 young (0K), 0 survivors (0K)

[error occurred during error reporting (printing heap information), id 0xc0000005, EXCEPTION_ACCESS_VIOLATION (0xc0000005) at pc=0x00007ffb438c6649]

GC Heap History (0 events):
No events

Dll operation events (1 events):
Event: 0.011 Loaded shared library C:\Program Files\Java\jdk-19\bin\java.dll

Deoptimization events (0 events):
No events

Classes loaded (0 events):
No events

Classes unloaded (0 events):
No events

Classes redefined (0 events):
No events

Internal exceptions (0 events):
No events

VM Operations (0 events):
No events

Events (0 events):
No events


Dynamic libraries:
0x00007ff74b590000 - 0x00007ff74b5a0000 	C:\Program Files\Java\jdk-19\bin\java.exe
0x00007ffb81af0000 - 0x00007ffb81ce8000 	C:\Windows\SYSTEM32\ntdll.dll
0x00007ffb7fea0000 - 0x00007ffb7ff62000 	C:\Windows\System32\KERNEL32.DLL
0x00007ffb7f4c0000 - 0x00007ffb7f7be000 	C:\Windows\System32\KERNELBASE.dll
0x00007ffb7f1e0000 - 0x00007ffb7f2e0000 	C:\Windows\System32\ucrtbase.dll
0x00007ffb6c9f0000 - 0x00007ffb6ca08000 	C:\Program Files\Java\jdk-19\bin\jli.dll
0x00007ffb6f560000 - 0x00007ffb6f57b000 	C:\Program Files\Java\jdk-19\bin\VCRUNTIME140.dll
0x00007ffb80270000 - 0x00007ffb80321000 	C:\Windows\System32\ADVAPI32.dll
0x00007ffb81a10000 - 0x00007ffb81aae000 	C:\Windows\System32\msvcrt.dll
0x00007ffb80ba0000 - 0x00007ffb80c3f000 	C:\Windows\System32\sechost.dll
0x00007ffb80d30000 - 0x00007ffb80e53000 	C:\Windows\System32\RPCRT4.dll
0x00007ffb7fae0000 - 0x00007ffb7fb07000 	C:\Windows\System32\bcrypt.dll
0x00007ffb80a00000 - 0x00007ffb80b9d000 	C:\Windows\System32\USER32.dll
0x00007ffb7f2e0000 - 0x00007ffb7f302000 	C:\Windows\System32\win32u.dll
0x00007ffb7ffd0000 - 0x00007ffb7fffb000 	C:\Windows\System32\GDI32.dll
0x00007ffb6c630000 - 0x00007ffb6c8ca000 	C:\Windows\WinSxS\amd64_microsoft.windows.common-controls_6595b64144ccf1df_6.0.19041.4355_none_60b8b9eb71f62e16\COMCTL32.dll
0x00007ffb7f310000 - 0x00007ffb7f427000 	C:\Windows\System32\gdi32full.dll
0x00007ffb7f7c0000 - 0x00007ffb7f85d000 	C:\Windows\System32\msvcp_win.dll
0x00007ffb7ecf0000 - 0x00007ffb7ecfa000 	C:\Windows\SYSTEM32\VERSION.dll
0x00007ffb803e0000 - 0x00007ffb8040f000 	C:\Windows\System32\IMM32.DLL
0x000000005c7a0000 - 0x000000005c7ac000 	C:\Program Files (x86)\360\Total Security\safemon\SafeWrapper.dll
0x00007ffaf4030000 - 0x00007ffaf40dc000 	C:\Program Files (x86)\360\Total Security\safemon\libzdtp64.dll
0x00007ffb810a0000 - 0x00007ffb8180d000 	C:\Windows\System32\SHELL32.dll
0x00007ffb80e60000 - 0x00007ffb80eb5000 	C:\Windows\System32\SHLWAPI.dll
0x00007ffb6f490000 - 0x00007ffb6f49c000 	C:\Program Files\Java\jdk-19\bin\vcruntime140_1.dll
0x00007ffb481b0000 - 0x00007ffb4823e000 	C:\Program Files\Java\jdk-19\bin\msvcp140.dll
0x00007ffb43180000 - 0x00007ffb43e40000 	C:\Program Files\Java\jdk-19\bin\server\jvm.dll
0x00007ffb63b40000 - 0x00007ffb63b67000 	C:\Windows\SYSTEM32\WINMM.dll
0x00007ffb64110000 - 0x00007ffb64119000 	C:\Windows\SYSTEM32\WSOCK32.dll
0x00007ffb80cc0000 - 0x00007ffb80d2b000 	C:\Windows\System32\WS2_32.dll
0x00007ffb7ddd0000 - 0x00007ffb7dde2000 	C:\Windows\SYSTEM32\kernel.appcore.dll
0x00007ffb6f480000 - 0x00007ffb6f48a000 	C:\Program Files\Java\jdk-19\bin\jimage.dll
0x00007ffb7d3b0000 - 0x00007ffb7d594000 	C:\Windows\SYSTEM32\DBGHELP.DLL
0x00007ffb6ca20000 - 0x00007ffb6ca54000 	C:\Windows\SYSTEM32\dbgcore.DLL
0x00007ffb7f430000 - 0x00007ffb7f4b2000 	C:\Windows\System32\bcryptPrimitives.dll
0x00007ffb6d6c0000 - 0x00007ffb6d6e6000 	C:\Program Files\Java\jdk-19\bin\java.dll

dbghelp: loaded successfully - version: 4.0.5 - missing functions: none
symbol engine: initialized successfully - sym options: 0x614 - pdb path: .;C:\Program Files\Java\jdk-19\bin;C:\Windows\SYSTEM32;C:\Windows\WinSxS\amd64_microsoft.windows.common-controls_6595b64144ccf1df_6.0.19041.4355_none_60b8b9eb71f62e16;C:\Program Files (x86)\360\Total Security\safemon;C:\Program Files\Java\jdk-19\bin\server

VM Arguments:
java_command: C:\Users\APC\AppData\Local\Temp\surefire9129263101953823069\surefirebooter-20241225104707537_3.jar C:\Users\APC\AppData\Local\Temp\surefire9129263101953823069 2024-12-25T10-47-07_368-jvmRun1 surefire-20241225104707537_1tmp surefire_0-20241225104707537_2tmp
java_class_path (initial): C:\Users\APC\AppData\Local\Temp\surefire9129263101953823069\surefirebooter-20241225104707537_3.jar
Launcher Type: SUN_STANDARD

[Global flags]
     intx CICompilerCount                          = 4                                         {product} {ergonomic}
     uint ConcGCThreads                            = 2                                         {product} {ergonomic}
     uint G1ConcRefinementThreads                  = 8                                         {product} {ergonomic}
   size_t G1HeapRegionSize                         = 2097152                                   {product} {ergonomic}
    uintx GCDrainStackTargetSize                   = 64                                        {product} {ergonomic}
   size_t InitialHeapSize                          = 201326592                                 {product} {ergonomic}
   size_t MarkStackSize                            = 4194304                                   {product} {ergonomic}
   size_t MaxHeapSize                              = 3196059648                                {product} {ergonomic}
   size_t MinHeapDeltaBytes                        = 2097152                                   {product} {ergonomic}
   size_t MinHeapSize                              = 8388608                                   {product} {ergonomic}
    uintx NonNMethodCodeHeapSize                   = 5839372                                {pd product} {ergonomic}
    uintx NonProfiledCodeHeapSize                  = 122909434                              {pd product} {ergonomic}
    uintx ProfiledCodeHeapSize                     = 122909434                              {pd product} {ergonomic}
    uintx ReservedCodeCacheSize                    = 251658240                              {pd product} {ergonomic}
     bool SegmentedCodeCache                       = true                                      {product} {ergonomic}
   size_t SoftMaxHeapSize                          = 3196059648                             {manageable} {ergonomic}
     bool UseCompressedClassPointers               = true                           {product lp64_product} {ergonomic}
     bool UseCompressedOops                        = true                           {product lp64_product} {ergonomic}
     bool UseG1GC                                  = true                                      {product} {ergonomic}
     bool UseLargePagesIndividualAllocation        = false                                  {pd product} {ergonomic}

Logging:
Log output configuration:
 #0: stdout all=warning uptime,level,tags foldmultilines=false
 #1: stderr all=off uptime,level,tags foldmultilines=false

Environment Variables:
PATH=C:\Program Files\Python313\Scripts\;C:\Program Files\Python313\;C:\Program Files\Common Files\Oracle\Java\javapath;C:\Windows\system32;C:\Windows;C:\Windows\System32\Wbem;C:\Windows\System32\WindowsPowerShell\v1.0\;C:\Windows\System32\OpenSSH\;C:\Program Files\Java\jdk-1.8\bin;C:\Program Files\Git\cmd;C:\Program Files\nodejs\;C:\Program Files\apache-maven-3.9.6\bin;C:\Program Files\dotnet\;C:\Users\APC\AppData\Local\Android\Sdk\tools;C:\Users\APC\AppData\Local\Microsoft\WindowsApps;C:\Users\APC\AppData\Local\Programs\Microsoft VS Code\bin;C:\Users\APC\AppData\Roaming\npm;C:\Users\APC\AppData\Local\Android\Sdk\platform-tools;
USERNAME=APC
OS=Windows_NT
PROCESSOR_IDENTIFIER=Intel64 Family 6 Model 142 Stepping 10, GenuineIntel
TMP=C:\Users\APC\AppData\Local\Temp
TEMP=C:\Users\APC\AppData\Local\Temp



---------------  S Y S T E M  ---------------

OS:
 Windows 10 , 64 bit Build 19041 (10.0.19041.5198)
OS uptime: 0 days 1:57 hours

CPU: total 8 (initial active 8) (4 cores per cpu, 2 threads per core) family 6 model 142 stepping 10 microcode 0xf0, cx8, cmov, fxsr, ht, mmx, 3dnowpref, sse, sse2, sse3, ssse3, sse4.1, sse4.2, popcnt, lzcnt, tsc, tscinvbit, avx, avx2, aes, erms, clmul, bmi1, bmi2, adx, fma, vzeroupper, clflush, clflushopt, rdtscp

Memory: 4k page, system-wide physical 12185M (649M free)
TotalPageFile size 18329M (AvailPageFile size 7M)
current process WorkingSet (physical memory assigned to process): 11M, peak: 11M
current process commit charge ("private bytes"): 60M, peak: 252M

vm_info: Java HotSpot(TM) 64-Bit Server VM (19.0.2+7-44) for windows-amd64 JRE (19.0.2+7-44), built on 2022-11-30T18:02:09Z by "mach5one" with MS VC++ 17.1 (VS2022)

END.
