#
# There is insufficient memory for the Java Runtime Environment to continue.
# Native memory allocation (malloc) failed to allocate 49648 bytes for Chunk::new
# Possible reasons:
#   The system is out of physical RAM or swap space
#   The process is running with CompressedOops enabled, and the Java Heap may be blocking the growth of the native heap
# Possible solutions:
#   Reduce memory load on the system
#   Increase physical memory or swap space
#   Check if swap backing store is full
#   Decrease Java heap size (-Xmx/-Xms)
#   Decrease number of Java threads
#   Decrease Java thread stack sizes (-Xss)
#   Set larger code cache with -XX:ReservedCodeCacheSize=
#   JVM is running with Zero Based Compressed Oops mode in which the Java heap is
#     placed in the first 32GB address space. The Java Heap base address is the
#     maximum limit for the native heap growth. Please use -XX:HeapBaseMinAddress
#     to set the Java Heap base and to place the Java Heap above 32GB virtual address.
# This output file may be truncated or incomplete.
#
#  Out of Memory Error (arena.cpp:184), pid=2184, tid=12744
#
# JRE version: Java(TM) SE Runtime Environment (19.0.2+7) (build 19.0.2+7-44)
# Java VM: Java HotSpot(TM) 64-Bit Server VM (19.0.2+7-44, mixed mode, sharing, tiered, compressed oops, compressed class ptrs, g1 gc, windows-amd64)
# No core dump will be written. Minidumps are not enabled by default on client versions of Windows
#

---------------  S U M M A R Y ------------

Command Line: C:\Users\APC\AppData\Local\Temp\surefire905333467900971046\surefirebooter-20241225103719938_3.jar C:\Users\APC\AppData\Local\Temp\surefire905333467900971046 2024-12-25T10-37-19_698-jvmRun1 surefire-20241225103719938_1tmp surefire_0-20241225103719938_2tmp

Host: Intel(R) Core(TM) i5-8250U CPU @ 1.60GHz, 8 cores, 11G,  Windows 10 , 64 bit Build 19041 (10.0.19041.5198)
Time: Wed Dec 25 10:37:20 2024 SE Asia Standard Time elapsed time: 0.081229 seconds (0d 0h 0m 0s)

---------------  T H R E A D  ---------------

Current thread (0x0000029cd16d3ba0):  JavaThread "C2 CompilerThread1" daemon [_thread_in_native, id=12744, stack(0x000000fcc5200000,0x000000fcc5300000)]


Current CompileTask:
C2:     81  146       4       java.lang.StringBuilder::append (8 bytes)

Stack: [0x000000fcc5200000,0x000000fcc5300000]
Native frames: (J=compiled Java code, j=interpreted, Vv=VM code, C=native code)
V  [jvm.dll+0x6ee21a]
V  [jvm.dll+0x85765e]
V  [jvm.dll+0x85904e]
V  [jvm.dll+0x859703]
V  [jvm.dll+0x28298f]
V  [jvm.dll+0xc9adf]
V  [jvm.dll+0xc9e65]
V  [jvm.dll+0x3bca4c]
V  [jvm.dll+0x3860e1]
V  [jvm.dll+0x38555a]
V  [jvm.dll+0x24c3d9]
V  [jvm.dll+0x24b781]
V  [jvm.dll+0x1d6ce1]
V  [jvm.dll+0x25b25a]
V  [jvm.dll+0x2596e8]
V  [jvm.dll+0x807588]
V  [jvm.dll+0x80125a]
V  [jvm.dll+0x6ecf0b]
C  [ucrtbase.dll+0x21bb2]
C  [KERNEL32.DLL+0x17374]
C  [ntdll.dll+0x4cc91]


---------------  P R O C E S S  ---------------

Threads class SMR info:
_java_thread_list=0x0000029cd16c7550, length=13, elements={
0x0000029caa582d30, 0x0000029ccd20da20, 0x0000029ccd20e810, 0x0000029ccd20fc90,
0x0000029ccd215970, 0x0000029ccd21b810, 0x0000029ccd219d80, 0x0000029ccd225020,
0x0000029ccd2266d0, 0x0000029ccd219830, 0x0000029ccd21a2d0, 0x0000029ccd21a820,
0x0000029cd16d3ba0
}

Java Threads: ( => current thread )
  0x0000029caa582d30 JavaThread "main" [_thread_in_Java, id=19440, stack(0x000000fcc3f00000,0x000000fcc4000000)]
  0x0000029ccd20da20 JavaThread "Reference Handler" daemon [_thread_blocked, id=6668, stack(0x000000fcc4600000,0x000000fcc4700000)]
  0x0000029ccd20e810 JavaThread "Finalizer" daemon [_thread_blocked, id=5476, stack(0x000000fcc4700000,0x000000fcc4800000)]
  0x0000029ccd20fc90 JavaThread "Signal Dispatcher" daemon [_thread_blocked, id=20996, stack(0x000000fcc4800000,0x000000fcc4900000)]
  0x0000029ccd215970 JavaThread "Attach Listener" daemon [_thread_blocked, id=14716, stack(0x000000fcc4900000,0x000000fcc4a00000)]
  0x0000029ccd21b810 JavaThread "Service Thread" daemon [_thread_blocked, id=4036, stack(0x000000fcc4a00000,0x000000fcc4b00000)]
  0x0000029ccd219d80 JavaThread "Monitor Deflation Thread" daemon [_thread_blocked, id=20592, stack(0x000000fcc4b00000,0x000000fcc4c00000)]
  0x0000029ccd225020 JavaThread "C2 CompilerThread0" daemon [_thread_blocked, id=3584, stack(0x000000fcc4c00000,0x000000fcc4d00000)]
  0x0000029ccd2266d0 JavaThread "C1 CompilerThread0" daemon [_thread_in_native, id=21072, stack(0x000000fcc4d00000,0x000000fcc4e00000)]
  0x0000029ccd219830 JavaThread "Sweeper thread" daemon [_thread_blocked, id=2464, stack(0x000000fcc4e00000,0x000000fcc4f00000)]
  0x0000029ccd21a2d0 JavaThread "Notification Thread" daemon [_thread_blocked, id=2748, stack(0x000000fcc4f00000,0x000000fcc5000000)]
  0x0000029ccd21a820 JavaThread "Common-Cleaner" daemon [_thread_blocked, id=2808, stack(0x000000fcc5100000,0x000000fcc5200000)]
=>0x0000029cd16d3ba0 JavaThread "C2 CompilerThread1" daemon [_thread_in_native, id=12744, stack(0x000000fcc5200000,0x000000fcc5300000)]

Other Threads:
  0x0000029ccd1f7ef0 VMThread "VM Thread" [stack: 0x000000fcc4500000,0x000000fcc4600000] [id=16696]
  0x0000029cd1630470 WatcherThread "VM Periodic Task Thread" [stack: 0x000000fcc5000000,0x000000fcc5100000] [id=3236]
  0x0000029caa5e22a0 WorkerThread "GC Thread#0" [stack: 0x000000fcc4000000,0x000000fcc4100000] [id=20764]
  0x0000029caa60c190 ConcurrentGCThread "G1 Main Marker" [stack: 0x000000fcc4100000,0x000000fcc4200000] [id=21264]
  0x0000029caa60cad0 WorkerThread "G1 Conc#0" [stack: 0x000000fcc4200000,0x000000fcc4300000] [id=21092]
  0x0000029ccd0b2700 ConcurrentGCThread "G1 Refine#0" [stack: 0x000000fcc4300000,0x000000fcc4400000] [id=10820]
  0x0000029ccd0b3150 ConcurrentGCThread "G1 Service" [stack: 0x000000fcc4400000,0x000000fcc4500000] [id=13520]

Threads with active compile tasks:
C2 CompilerThread0      127  256       4       java.lang.ref.Reference::reachabilityFence (1 bytes)
C1 CompilerThread0      127  250       3       jdk.internal.module.ModuleReferenceImpl::hashCode (56 bytes)
C2 CompilerThread1      127  146       4       java.lang.StringBuilder::append (8 bytes)

VM state: not at safepoint (normal execution)

VM Mutex/Monitor currently owned by a thread: None

Heap address: 0x0000000741800000, size: 3048 MB, Compressed Oops mode: Zero based, Oop shift amount: 3

CDS archive(s) mapped at: [0x0000000800000000-0x0000000800c40000-0x0000000800c40000), size 12845056, SharedBaseAddress: 0x0000000800000000, ArchiveRelocationMode: 0.
Compressed class space mapped at: 0x0000000801000000-0x0000000841000000, reserved size: 1073741824
Narrow klass base: 0x0000000800000000, Narrow klass shift: 0, Narrow klass range: 0x100000000

GC Precious Log:
 CardTable entry size: 512
 Card Set container configuration: InlinePtr #cards 4 size 8 Array Of Cards #cards 16 size 48 Howl #buckets 8 coarsen threshold 3686 Howl Bitmap #cards 512 size 80 coarsen threshold 460 Card regions per heap region 1 cards per card region 4096
 CPUs: 8 total, 8 available
 Memory: 12185M
 Large Page Support: Disabled
 NUMA Support: Disabled
 Compressed Oops: Enabled (Zero based)
 Heap Region Size: 2M
 Heap Min Capacity: 8M
 Heap Initial Capacity: 192M
 Heap Max Capacity: 3048M
 Pre-touch: Disabled
 Parallel Workers: 8
 Concurrent Workers: 2
 Concurrent Refinement Workers: 8
 Periodic GC: Disabled

Heap:
 garbage-first heap   total 196608K, used 4096K [0x0000000741800000, 0x0000000800000000)
  region size 2048K, 3 young (6144K), 0 survivors (0K)
 Metaspace       used 888K, committed 1024K, reserved 1114112K
  class space    used 82K, committed 128K, reserved 1048576K

Heap Regions: E=young(eden), S=young(survivor), O=old, HS=humongous(starts), HC=humongous(continues), CS=collection set, F=free, OA=open archive, CA=closed archive, TAMS=top-at-mark-start (previous, next)
|   0|0x0000000741800000, 0x0000000741800000, 0x0000000741a00000|  0%| F|  |TAMS 0x0000000741800000, 0x0000000741800000| Untracked 
|   1|0x0000000741a00000, 0x0000000741a00000, 0x0000000741c00000|  0%| F|  |TAMS 0x0000000741a00000, 0x0000000741a00000| Untracked 
|   2|0x0000000741c00000, 0x0000000741c00000, 0x0000000741e00000|  0%| F|  |TAMS 0x0000000741c00000, 0x0000000741c00000| Untracked 
|   3|0x0000000741e00000, 0x0000000741e00000, 0x0000000742000000|  0%| F|  |TAMS 0x0000000741e00000, 0x0000000741e00000| Untracked 
|   4|0x0000000742000000, 0x0000000742000000, 0x0000000742200000|  0%| F|  |TAMS 0x0000000742000000, 0x0000000742000000| Untracked 
|   5|0x0000000742200000, 0x0000000742200000, 0x0000000742400000|  0%| F|  |TAMS 0x0000000742200000, 0x0000000742200000| Untracked 
|   6|0x0000000742400000, 0x0000000742400000, 0x0000000742600000|  0%| F|  |TAMS 0x0000000742400000, 0x0000000742400000| Untracked 
|   7|0x0000000742600000, 0x0000000742600000, 0x0000000742800000|  0%| F|  |TAMS 0x0000000742600000, 0x0000000742600000| Untracked 
|   8|0x0000000742800000, 0x0000000742800000, 0x0000000742a00000|  0%| F|  |TAMS 0x0000000742800000, 0x0000000742800000| Untracked 
|   9|0x0000000742a00000, 0x0000000742a00000, 0x0000000742c00000|  0%| F|  |TAMS 0x0000000742a00000, 0x0000000742a00000| Untracked 
|  10|0x0000000742c00000, 0x0000000742c00000, 0x0000000742e00000|  0%| F|  |TAMS 0x0000000742c00000, 0x0000000742c00000| Untracked 
|  11|0x0000000742e00000, 0x0000000742e00000, 0x0000000743000000|  0%| F|  |TAMS 0x0000000742e00000, 0x0000000742e00000| Untracked 
|  12|0x0000000743000000, 0x0000000743000000, 0x0000000743200000|  0%| F|  |TAMS 0x0000000743000000, 0x0000000743000000| Untracked 
|  13|0x0000000743200000, 0x0000000743200000, 0x0000000743400000|  0%| F|  |TAMS 0x0000000743200000, 0x0000000743200000| Untracked 
|  14|0x0000000743400000, 0x0000000743400000, 0x0000000743600000|  0%| F|  |TAMS 0x0000000743400000, 0x0000000743400000| Untracked 
|  15|0x0000000743600000, 0x0000000743600000, 0x0000000743800000|  0%| F|  |TAMS 0x0000000743600000, 0x0000000743600000| Untracked 
|  16|0x0000000743800000, 0x0000000743800000, 0x0000000743a00000|  0%| F|  |TAMS 0x0000000743800000, 0x0000000743800000| Untracked 
|  17|0x0000000743a00000, 0x0000000743a00000, 0x0000000743c00000|  0%| F|  |TAMS 0x0000000743a00000, 0x0000000743a00000| Untracked 
|  18|0x0000000743c00000, 0x0000000743c00000, 0x0000000743e00000|  0%| F|  |TAMS 0x0000000743c00000, 0x0000000743c00000| Untracked 
|  19|0x0000000743e00000, 0x0000000743e00000, 0x0000000744000000|  0%| F|  |TAMS 0x0000000743e00000, 0x0000000743e00000| Untracked 
|  20|0x0000000744000000, 0x0000000744000000, 0x0000000744200000|  0%| F|  |TAMS 0x0000000744000000, 0x0000000744000000| Untracked 
|  21|0x0000000744200000, 0x0000000744200000, 0x0000000744400000|  0%| F|  |TAMS 0x0000000744200000, 0x0000000744200000| Untracked 
|  22|0x0000000744400000, 0x0000000744400000, 0x0000000744600000|  0%| F|  |TAMS 0x0000000744400000, 0x0000000744400000| Untracked 
|  23|0x0000000744600000, 0x0000000744600000, 0x0000000744800000|  0%| F|  |TAMS 0x0000000744600000, 0x0000000744600000| Untracked 
|  24|0x0000000744800000, 0x0000000744800000, 0x0000000744a00000|  0%| F|  |TAMS 0x0000000744800000, 0x0000000744800000| Untracked 
|  25|0x0000000744a00000, 0x0000000744a00000, 0x0000000744c00000|  0%| F|  |TAMS 0x0000000744a00000, 0x0000000744a00000| Untracked 
|  26|0x0000000744c00000, 0x0000000744c00000, 0x0000000744e00000|  0%| F|  |TAMS 0x0000000744c00000, 0x0000000744c00000| Untracked 
|  27|0x0000000744e00000, 0x0000000744e00000, 0x0000000745000000|  0%| F|  |TAMS 0x0000000744e00000, 0x0000000744e00000| Untracked 
|  28|0x0000000745000000, 0x0000000745000000, 0x0000000745200000|  0%| F|  |TAMS 0x0000000745000000, 0x0000000745000000| Untracked 
|  29|0x0000000745200000, 0x0000000745200000, 0x0000000745400000|  0%| F|  |TAMS 0x0000000745200000, 0x0000000745200000| Untracked 
|  30|0x0000000745400000, 0x0000000745400000, 0x0000000745600000|  0%| F|  |TAMS 0x0000000745400000, 0x0000000745400000| Untracked 
|  31|0x0000000745600000, 0x0000000745600000, 0x0000000745800000|  0%| F|  |TAMS 0x0000000745600000, 0x0000000745600000| Untracked 
|  32|0x0000000745800000, 0x0000000745800000, 0x0000000745a00000|  0%| F|  |TAMS 0x0000000745800000, 0x0000000745800000| Untracked 
|  33|0x0000000745a00000, 0x0000000745a00000, 0x0000000745c00000|  0%| F|  |TAMS 0x0000000745a00000, 0x0000000745a00000| Untracked 
|  34|0x0000000745c00000, 0x0000000745c00000, 0x0000000745e00000|  0%| F|  |TAMS 0x0000000745c00000, 0x0000000745c00000| Untracked 
|  35|0x0000000745e00000, 0x0000000745e00000, 0x0000000746000000|  0%| F|  |TAMS 0x0000000745e00000, 0x0000000745e00000| Untracked 
|  36|0x0000000746000000, 0x0000000746000000, 0x0000000746200000|  0%| F|  |TAMS 0x0000000746000000, 0x0000000746000000| Untracked 
|  37|0x0000000746200000, 0x0000000746200000, 0x0000000746400000|  0%| F|  |TAMS 0x0000000746200000, 0x0000000746200000| Untracked 
|  38|0x0000000746400000, 0x0000000746400000, 0x0000000746600000|  0%| F|  |TAMS 0x0000000746400000, 0x0000000746400000| Untracked 
|  39|0x0000000746600000, 0x0000000746600000, 0x0000000746800000|  0%| F|  |TAMS 0x0000000746600000, 0x0000000746600000| Untracked 
|  40|0x0000000746800000, 0x0000000746800000, 0x0000000746a00000|  0%| F|  |TAMS 0x0000000746800000, 0x0000000746800000| Untracked 
|  41|0x0000000746a00000, 0x0000000746a00000, 0x0000000746c00000|  0%| F|  |TAMS 0x0000000746a00000, 0x0000000746a00000| Untracked 
|  42|0x0000000746c00000, 0x0000000746c00000, 0x0000000746e00000|  0%| F|  |TAMS 0x0000000746c00000, 0x0000000746c00000| Untracked 
|  43|0x0000000746e00000, 0x0000000746e00000, 0x0000000747000000|  0%| F|  |TAMS 0x0000000746e00000, 0x0000000746e00000| Untracked 
|  44|0x0000000747000000, 0x0000000747000000, 0x0000000747200000|  0%| F|  |TAMS 0x0000000747000000, 0x0000000747000000| Untracked 
|  45|0x0000000747200000, 0x0000000747200000, 0x0000000747400000|  0%| F|  |TAMS 0x0000000747200000, 0x0000000747200000| Untracked 
|  46|0x0000000747400000, 0x0000000747400000, 0x0000000747600000|  0%| F|  |TAMS 0x0000000747400000, 0x0000000747400000| Untracked 
|  47|0x0000000747600000, 0x0000000747600000, 0x0000000747800000|  0%| F|  |TAMS 0x0000000747600000, 0x0000000747600000| Untracked 
|  48|0x0000000747800000, 0x0000000747800000, 0x0000000747a00000|  0%| F|  |TAMS 0x0000000747800000, 0x0000000747800000| Untracked 
|  49|0x0000000747a00000, 0x0000000747a00000, 0x0000000747c00000|  0%| F|  |TAMS 0x0000000747a00000, 0x0000000747a00000| Untracked 
|  50|0x0000000747c00000, 0x0000000747c00000, 0x0000000747e00000|  0%| F|  |TAMS 0x0000000747c00000, 0x0000000747c00000| Untracked 
|  51|0x0000000747e00000, 0x0000000747e00000, 0x0000000748000000|  0%| F|  |TAMS 0x0000000747e00000, 0x0000000747e00000| Untracked 
|  52|0x0000000748000000, 0x0000000748000000, 0x0000000748200000|  0%| F|  |TAMS 0x0000000748000000, 0x0000000748000000| Untracked 
|  53|0x0000000748200000, 0x0000000748200000, 0x0000000748400000|  0%| F|  |TAMS 0x0000000748200000, 0x0000000748200000| Untracked 
|  54|0x0000000748400000, 0x0000000748400000, 0x0000000748600000|  0%| F|  |TAMS 0x0000000748400000, 0x0000000748400000| Untracked 
|  55|0x0000000748600000, 0x0000000748600000, 0x0000000748800000|  0%| F|  |TAMS 0x0000000748600000, 0x0000000748600000| Untracked 
|  56|0x0000000748800000, 0x0000000748800000, 0x0000000748a00000|  0%| F|  |TAMS 0x0000000748800000, 0x0000000748800000| Untracked 
|  57|0x0000000748a00000, 0x0000000748a00000, 0x0000000748c00000|  0%| F|  |TAMS 0x0000000748a00000, 0x0000000748a00000| Untracked 
|  58|0x0000000748c00000, 0x0000000748c00000, 0x0000000748e00000|  0%| F|  |TAMS 0x0000000748c00000, 0x0000000748c00000| Untracked 
|  59|0x0000000748e00000, 0x0000000748e00000, 0x0000000749000000|  0%| F|  |TAMS 0x0000000748e00000, 0x0000000748e00000| Untracked 
|  60|0x0000000749000000, 0x0000000749000000, 0x0000000749200000|  0%| F|  |TAMS 0x0000000749000000, 0x0000000749000000| Untracked 
|  61|0x0000000749200000, 0x0000000749200000, 0x0000000749400000|  0%| F|  |TAMS 0x0000000749200000, 0x0000000749200000| Untracked 
|  62|0x0000000749400000, 0x0000000749400000, 0x0000000749600000|  0%| F|  |TAMS 0x0000000749400000, 0x0000000749400000| Untracked 
|  63|0x0000000749600000, 0x0000000749600000, 0x0000000749800000|  0%| F|  |TAMS 0x0000000749600000, 0x0000000749600000| Untracked 
|  64|0x0000000749800000, 0x0000000749800000, 0x0000000749a00000|  0%| F|  |TAMS 0x0000000749800000, 0x0000000749800000| Untracked 
|  65|0x0000000749a00000, 0x0000000749a00000, 0x0000000749c00000|  0%| F|  |TAMS 0x0000000749a00000, 0x0000000749a00000| Untracked 
|  66|0x0000000749c00000, 0x0000000749c00000, 0x0000000749e00000|  0%| F|  |TAMS 0x0000000749c00000, 0x0000000749c00000| Untracked 
|  67|0x0000000749e00000, 0x0000000749e00000, 0x000000074a000000|  0%| F|  |TAMS 0x0000000749e00000, 0x0000000749e00000| Untracked 
|  68|0x000000074a000000, 0x000000074a000000, 0x000000074a200000|  0%| F|  |TAMS 0x000000074a000000, 0x000000074a000000| Untracked 
|  69|0x000000074a200000, 0x000000074a200000, 0x000000074a400000|  0%| F|  |TAMS 0x000000074a200000, 0x000000074a200000| Untracked 
|  70|0x000000074a400000, 0x000000074a400000, 0x000000074a600000|  0%| F|  |TAMS 0x000000074a400000, 0x000000074a400000| Untracked 
|  71|0x000000074a600000, 0x000000074a600000, 0x000000074a800000|  0%| F|  |TAMS 0x000000074a600000, 0x000000074a600000| Untracked 
|  72|0x000000074a800000, 0x000000074a800000, 0x000000074aa00000|  0%| F|  |TAMS 0x000000074a800000, 0x000000074a800000| Untracked 
|  73|0x000000074aa00000, 0x000000074aa00000, 0x000000074ac00000|  0%| F|  |TAMS 0x000000074aa00000, 0x000000074aa00000| Untracked 
|  74|0x000000074ac00000, 0x000000074ac00000, 0x000000074ae00000|  0%| F|  |TAMS 0x000000074ac00000, 0x000000074ac00000| Untracked 
|  75|0x000000074ae00000, 0x000000074ae00000, 0x000000074b000000|  0%| F|  |TAMS 0x000000074ae00000, 0x000000074ae00000| Untracked 
|  76|0x000000074b000000, 0x000000074b000000, 0x000000074b200000|  0%| F|  |TAMS 0x000000074b000000, 0x000000074b000000| Untracked 
|  77|0x000000074b200000, 0x000000074b200000, 0x000000074b400000|  0%| F|  |TAMS 0x000000074b200000, 0x000000074b200000| Untracked 
|  78|0x000000074b400000, 0x000000074b400000, 0x000000074b600000|  0%| F|  |TAMS 0x000000074b400000, 0x000000074b400000| Untracked 
|  79|0x000000074b600000, 0x000000074b600000, 0x000000074b800000|  0%| F|  |TAMS 0x000000074b600000, 0x000000074b600000| Untracked 
|  80|0x000000074b800000, 0x000000074b800000, 0x000000074ba00000|  0%| F|  |TAMS 0x000000074b800000, 0x000000074b800000| Untracked 
|  81|0x000000074ba00000, 0x000000074ba00000, 0x000000074bc00000|  0%| F|  |TAMS 0x000000074ba00000, 0x000000074ba00000| Untracked 
|  82|0x000000074bc00000, 0x000000074bc00000, 0x000000074be00000|  0%| F|  |TAMS 0x000000074bc00000, 0x000000074bc00000| Untracked 
|  83|0x000000074be00000, 0x000000074be00000, 0x000000074c000000|  0%| F|  |TAMS 0x000000074be00000, 0x000000074be00000| Untracked 
|  84|0x000000074c000000, 0x000000074c000000, 0x000000074c200000|  0%| F|  |TAMS 0x000000074c000000, 0x000000074c000000| Untracked 
|  85|0x000000074c200000, 0x000000074c200000, 0x000000074c400000|  0%| F|  |TAMS 0x000000074c200000, 0x000000074c200000| Untracked 
|  86|0x000000074c400000, 0x000000074c400000, 0x000000074c600000|  0%| F|  |TAMS 0x000000074c400000, 0x000000074c400000| Untracked 
|  87|0x000000074c600000, 0x000000074c600000, 0x000000074c800000|  0%| F|  |TAMS 0x000000074c600000, 0x000000074c600000| Untracked 
|  88|0x000000074c800000, 0x000000074c800000, 0x000000074ca00000|  0%| F|  |TAMS 0x000000074c800000, 0x000000074c800000| Untracked 
|  89|0x000000074ca00000, 0x000000074ca00000, 0x000000074cc00000|  0%| F|  |TAMS 0x000000074ca00000, 0x000000074ca00000| Untracked 
|  90|0x000000074cc00000, 0x000000074cc00000, 0x000000074ce00000|  0%| F|  |TAMS 0x000000074cc00000, 0x000000074cc00000| Untracked 
|  91|0x000000074ce00000, 0x000000074ce00000, 0x000000074d000000|  0%| F|  |TAMS 0x000000074ce00000, 0x000000074ce00000| Untracked 
|  92|0x000000074d000000, 0x000000074d000000, 0x000000074d200000|  0%| F|  |TAMS 0x000000074d000000, 0x000000074d000000| Untracked 
|  93|0x000000074d200000, 0x000000074d271268, 0x000000074d400000| 22%| E|  |TAMS 0x000000074d200000, 0x000000074d200000| Complete 
|  94|0x000000074d400000, 0x000000074d600000, 0x000000074d600000|100%| E|CS|TAMS 0x000000074d400000, 0x000000074d400000| Complete 
|  95|0x000000074d600000, 0x000000074d800000, 0x000000074d800000|100%| E|CS|TAMS 0x000000074d600000, 0x000000074d600000| Complete 

Card table byte_map: [0x0000029cc3d10000,0x0000029cc4310000] _byte_map_base: 0x0000029cc0304000

Marking Bits (Prev, Next): (CMBitMap*) 0x0000029caa5e27e0, (CMBitMap*) 0x0000029caa5e2820
 Prev Bits: [0x0000029cc4910000, 0x0000029cc78b0000)
 Next Bits: [0x0000029cc78b0000, 0x0000029cca850000)

Polling page: 0x0000029caa510000

Metaspace:

Usage:
  Non-class:    824.02 KB used.
      Class:     83.81 KB used.
       Both:    907.84 KB used.

Virtual space:
  Non-class space:       64.00 MB reserved,     896.00 KB (  1%) committed,  1 nodes.
      Class space:        1.00 GB reserved,     128.00 KB ( <1%) committed,  1 nodes.
             Both:        1.06 GB reserved,       1.00 MB ( <1%) committed. 

Chunk freelists:
   Non-Class:  3.78 MB
       Class:  3.71 MB
        Both:  7.50 MB

MaxMetaspaceSize: unlimited
CompressedClassSpaceSize: 1.00 GB
Initial GC threshold: 21.00 MB
Current GC threshold: 21.00 MB
CDS: on
MetaspaceReclaimPolicy: balanced
 - commit_granule_bytes: 65536.
 - commit_granule_words: 8192.
 - virtual_space_node_default_size: 8388608.
 - enlarge_chunks_in_place: 1.
 - new_chunks_are_fully_committed: 0.
 - uncommit_free_chunks: 1.
 - use_allocation_guard: 0.


Internal statistics:

num_allocs_failed_limit: 0.
num_arena_births: 12.
num_arena_deaths: 0.
num_vsnodes_births: 2.
num_vsnodes_deaths: 0.
num_space_committed: 16.
num_space_uncommitted: 0.
num_chunks_returned_to_freelist: 0.
num_chunks_taken_from_freelist: 27.
num_chunk_merges: 0.
num_chunk_splits: 14.
num_chunks_enlarged: 10.
num_inconsistent_stats: 0.

CodeHeap 'non-profiled nmethods': size=120000Kb used=79Kb max_used=79Kb free=119921Kb
 bounds [0x0000029cbb770000, 0x0000029cbb9e0000, 0x0000029cc2ca0000]
CodeHeap 'profiled nmethods': size=120000Kb used=341Kb max_used=341Kb free=119659Kb
 bounds [0x0000029cb3ca0000, 0x0000029cb3f10000, 0x0000029cbb1d0000]
CodeHeap 'non-nmethods': size=5760Kb used=1203Kb max_used=1219Kb free=4556Kb
 bounds [0x0000029cbb1d0000, 0x0000029cbb440000, 0x0000029cbb770000]
 total_blobs=658 nmethods=258 adapters=311
 compilation: enabled
              stopped_count=0, restarted_count=0
 full_count=0

Compilation events (20 events):
Event: 0.072 Thread 0x0000029ccd2266d0  141       3       java.lang.AbstractStringBuilder::append (45 bytes)
Event: 0.072 Thread 0x0000029ccd2266d0 nmethod 141 0x0000029cb3ccfc90 code [0x0000029cb3ccfea0, 0x0000029cb3cd03d8]
Event: 0.072 Thread 0x0000029ccd2266d0  143       1       java.util.zip.Inflater$InflaterZStreamRef::address (5 bytes)
Event: 0.072 Thread 0x0000029ccd2266d0 nmethod 143 0x0000029cbb777590 code [0x0000029cbb777720, 0x0000029cbb7777d8]
Event: 0.073 Thread 0x0000029ccd2266d0  145       3       java.util.Properties::loadConvert (540 bytes)
Event: 0.074 Thread 0x0000029ccd2266d0 nmethod 145 0x0000029cb3cd0610 code [0x0000029cb3cd0900, 0x0000029cb3cd1ca8]
Event: 0.074 Thread 0x0000029ccd2266d0  150       3       jdk.internal.misc.Unsafe::putReferenceRelease (9 bytes)
Event: 0.074 Thread 0x0000029ccd2266d0 nmethod 150 0x0000029cb3cd2310 code [0x0000029cb3cd24a0, 0x0000029cb3cd25f8]
Event: 0.074 Thread 0x0000029ccd2266d0  151       3       java.util.concurrent.ConcurrentHashMap::setTabAt (20 bytes)
Event: 0.074 Thread 0x0000029cd16d3ba0  124       4       java.util.zip.ZipUtils::SH (21 bytes)
Event: 0.074 Thread 0x0000029ccd225020 nmethod 137% 0x0000029cbb777c90 code [0x0000029cbb777e20, 0x0000029cbb7781b8]
Event: 0.075 Thread 0x0000029ccd2266d0 nmethod 151 0x0000029cb3cd2690 code [0x0000029cb3cd2840, 0x0000029cb3cd2a68]
Event: 0.075 Thread 0x0000029ccd2266d0  154       3       java.util.HashMap::putVal (300 bytes)
Event: 0.075 Thread 0x0000029ccd225020  144       4       java.lang.AbstractStringBuilder::ensureCapacityInternal (39 bytes)
Event: 0.076 Thread 0x0000029cd16d3ba0 nmethod 124 0x0000029cbb778390 code [0x0000029cbb778520, 0x0000029cbb7785d8]
Event: 0.076 Thread 0x0000029cd16d3ba0  146       4       java.lang.StringBuilder::append (8 bytes)
Event: 0.076 Thread 0x0000029ccd2266d0 nmethod 154 0x0000029cb3cd2b10 code [0x0000029cb3cd2dc0, 0x0000029cb3cd4038]
Event: 0.076 Thread 0x0000029ccd2266d0  152       3       java.util.Properties$LineReader::readLine (584 bytes)
Event: 0.077 Thread 0x0000029ccd225020 nmethod 144 0x0000029cbb778690 code [0x0000029cbb778820, 0x0000029cbb778a18]
Event: 0.077 Thread 0x0000029ccd225020  148       4       java.lang.AbstractStringBuilder::append (77 bytes)

GC Heap History (0 events):
No events

Dll operation events (5 events):
Event: 0.008 Loaded shared library C:\Program Files\Java\jdk-19\bin\java.dll
Event: 0.018 Loaded shared library C:\Program Files\Java\jdk-19\bin\jsvml.dll
Event: 0.047 Loaded shared library C:\Program Files\Java\jdk-19\bin\net.dll
Event: 0.049 Loaded shared library C:\Program Files\Java\jdk-19\bin\nio.dll
Event: 0.051 Loaded shared library C:\Program Files\Java\jdk-19\bin\zip.dll

Deoptimization events (0 events):
No events

Classes loaded (20 events):
Event: 0.055 Loading class java/util/StringTokenizer
Event: 0.055 Loading class java/util/StringTokenizer done
Event: 0.066 Loading class java/security/AccessControlException
Event: 0.066 Loading class java/lang/SecurityException
Event: 0.066 Loading class java/lang/SecurityException done
Event: 0.066 Loading class java/security/AccessControlException done
Event: 0.069 Loading class java/io/IOException
Event: 0.069 Loading class java/io/IOException done
Event: 0.069 Loading class java/lang/InterruptedException
Event: 0.070 Loading class java/lang/InterruptedException done
Event: 0.070 Loading class java/util/concurrent/ScheduledExecutorService
Event: 0.070 Loading class java/util/concurrent/ScheduledExecutorService done
Event: 0.070 Loading class java/util/concurrent/Semaphore
Event: 0.070 Loading class java/util/concurrent/Semaphore done
Event: 0.071 Loading class java/util/concurrent/Semaphore$NonfairSync
Event: 0.071 Loading class java/util/concurrent/Semaphore$Sync
Event: 0.071 Loading class java/util/concurrent/Semaphore$Sync done
Event: 0.071 Loading class java/util/concurrent/Semaphore$NonfairSync done
Event: 0.077 Loading class java/lang/IllegalStateException
Event: 0.077 Loading class java/lang/IllegalStateException done

Classes unloaded (0 events):
No events

Classes redefined (0 events):
No events

Internal exceptions (0 events):
No events

VM Operations (2 events):
Event: 0.052 Executing VM operation: HandshakeAllThreads
Event: 0.052 Executing VM operation: HandshakeAllThreads done

Events (13 events):
Event: 0.019 Thread 0x0000029caa582d30 Thread added: 0x0000029caa582d30
Event: 0.030 Thread 0x0000029ccd20da20 Thread added: 0x0000029ccd20da20
Event: 0.030 Thread 0x0000029ccd20e810 Thread added: 0x0000029ccd20e810
Event: 0.030 Thread 0x0000029ccd20fc90 Thread added: 0x0000029ccd20fc90
Event: 0.030 Thread 0x0000029ccd215970 Thread added: 0x0000029ccd215970
Event: 0.030 Thread 0x0000029ccd21b810 Thread added: 0x0000029ccd21b810
Event: 0.030 Thread 0x0000029ccd219d80 Thread added: 0x0000029ccd219d80
Event: 0.031 Thread 0x0000029ccd225020 Thread added: 0x0000029ccd225020
Event: 0.031 Thread 0x0000029ccd2266d0 Thread added: 0x0000029ccd2266d0
Event: 0.031 Thread 0x0000029ccd219830 Thread added: 0x0000029ccd219830
Event: 0.043 Thread 0x0000029ccd21a2d0 Thread added: 0x0000029ccd21a2d0
Event: 0.044 Thread 0x0000029ccd21a820 Thread added: 0x0000029ccd21a820
Event: 0.074 Thread 0x0000029cd16d3ba0 Thread added: 0x0000029cd16d3ba0


Dynamic libraries:
0x00007ff74b590000 - 0x00007ff74b5a0000 	C:\Program Files\Java\jdk-19\bin\java.exe
0x00007ffb81af0000 - 0x00007ffb81ce8000 	C:\Windows\SYSTEM32\ntdll.dll
0x00007ffb7fea0000 - 0x00007ffb7ff62000 	C:\Windows\System32\KERNEL32.DLL
0x00007ffb7f4c0000 - 0x00007ffb7f7be000 	C:\Windows\System32\KERNELBASE.dll
0x00007ffb7f1e0000 - 0x00007ffb7f2e0000 	C:\Windows\System32\ucrtbase.dll
0x00007ffb6f560000 - 0x00007ffb6f57b000 	C:\Program Files\Java\jdk-19\bin\VCRUNTIME140.dll
0x00007ffb6c9f0000 - 0x00007ffb6ca08000 	C:\Program Files\Java\jdk-19\bin\jli.dll
0x00007ffb80270000 - 0x00007ffb80321000 	C:\Windows\System32\ADVAPI32.dll
0x00007ffb81a10000 - 0x00007ffb81aae000 	C:\Windows\System32\msvcrt.dll
0x00007ffb80ba0000 - 0x00007ffb80c3f000 	C:\Windows\System32\sechost.dll
0x00007ffb80d30000 - 0x00007ffb80e53000 	C:\Windows\System32\RPCRT4.dll
0x00007ffb7fae0000 - 0x00007ffb7fb07000 	C:\Windows\System32\bcrypt.dll
0x00007ffb80a00000 - 0x00007ffb80b9d000 	C:\Windows\System32\USER32.dll
0x00007ffb7f2e0000 - 0x00007ffb7f302000 	C:\Windows\System32\win32u.dll
0x00007ffb7ffd0000 - 0x00007ffb7fffb000 	C:\Windows\System32\GDI32.dll
0x00007ffb7f310000 - 0x00007ffb7f427000 	C:\Windows\System32\gdi32full.dll
0x00007ffb6c630000 - 0x00007ffb6c8ca000 	C:\Windows\WinSxS\amd64_microsoft.windows.common-controls_6595b64144ccf1df_6.0.19041.4355_none_60b8b9eb71f62e16\COMCTL32.dll
0x00007ffb7f7c0000 - 0x00007ffb7f85d000 	C:\Windows\System32\msvcp_win.dll
0x00007ffb7ecf0000 - 0x00007ffb7ecfa000 	C:\Windows\SYSTEM32\VERSION.dll
0x00007ffb803e0000 - 0x00007ffb8040f000 	C:\Windows\System32\IMM32.DLL
0x000000005c7a0000 - 0x000000005c7ac000 	C:\Program Files (x86)\360\Total Security\safemon\SafeWrapper.dll
0x00007ffaf4030000 - 0x00007ffaf40dc000 	C:\Program Files (x86)\360\Total Security\safemon\libzdtp64.dll
0x00007ffb810a0000 - 0x00007ffb8180d000 	C:\Windows\System32\SHELL32.dll
0x00007ffb80e60000 - 0x00007ffb80eb5000 	C:\Windows\System32\SHLWAPI.dll
0x00007ffb6f490000 - 0x00007ffb6f49c000 	C:\Program Files\Java\jdk-19\bin\vcruntime140_1.dll
0x00007ffb481b0000 - 0x00007ffb4823e000 	C:\Program Files\Java\jdk-19\bin\msvcp140.dll
0x00007ffb43180000 - 0x00007ffb43e40000 	C:\Program Files\Java\jdk-19\bin\server\jvm.dll
0x00007ffb63b40000 - 0x00007ffb63b67000 	C:\Windows\SYSTEM32\WINMM.dll
0x00007ffb64110000 - 0x00007ffb64119000 	C:\Windows\SYSTEM32\WSOCK32.dll
0x00007ffb80cc0000 - 0x00007ffb80d2b000 	C:\Windows\System32\WS2_32.dll
0x00007ffb7ddd0000 - 0x00007ffb7dde2000 	C:\Windows\SYSTEM32\kernel.appcore.dll
0x00007ffb6f480000 - 0x00007ffb6f48a000 	C:\Program Files\Java\jdk-19\bin\jimage.dll
0x00007ffb7d3b0000 - 0x00007ffb7d594000 	C:\Windows\SYSTEM32\DBGHELP.DLL
0x00007ffb6ca20000 - 0x00007ffb6ca54000 	C:\Windows\SYSTEM32\dbgcore.DLL
0x00007ffb7f430000 - 0x00007ffb7f4b2000 	C:\Windows\System32\bcryptPrimitives.dll
0x00007ffb6d6c0000 - 0x00007ffb6d6e6000 	C:\Program Files\Java\jdk-19\bin\java.dll
0x00007ffb46850000 - 0x00007ffb46927000 	C:\Program Files\Java\jdk-19\bin\jsvml.dll
0x00007ffb7cb40000 - 0x00007ffb7d2e4000 	C:\Windows\SYSTEM32\windows.storage.dll
0x00007ffb7fb10000 - 0x00007ffb7fe63000 	C:\Windows\System32\combase.dll
0x00007ffb7eb50000 - 0x00007ffb7eb7e000 	C:\Windows\SYSTEM32\Wldp.dll
0x00007ffb81810000 - 0x00007ffb818dd000 	C:\Windows\System32\OLEAUT32.dll
0x00007ffb80ff0000 - 0x00007ffb8109d000 	C:\Windows\System32\SHCORE.dll
0x00007ffb7f0c0000 - 0x00007ffb7f0e4000 	C:\Windows\SYSTEM32\profapi.dll
0x00007ffb6f540000 - 0x00007ffb6f553000 	C:\Program Files\Java\jdk-19\bin\net.dll
0x00007ffb75d00000 - 0x00007ffb75e0d000 	C:\Windows\SYSTEM32\WINHTTP.dll
0x00007ffb7e8b0000 - 0x00007ffb7e91a000 	C:\Windows\system32\mswsock.dll
0x00007ffb6c9d0000 - 0x00007ffb6c9e6000 	C:\Program Files\Java\jdk-19\bin\nio.dll
0x00007ffb6c9b0000 - 0x00007ffb6c9c8000 	C:\Program Files\Java\jdk-19\bin\zip.dll
0x00007ffb67e30000 - 0x00007ffb67e3a000 	C:\Program Files\Java\jdk-19\bin\management.dll
0x00007ffb67ce0000 - 0x00007ffb67ceb000 	C:\Program Files\Java\jdk-19\bin\management_ext.dll
0x00007ffb80ec0000 - 0x00007ffb80ec8000 	C:\Windows\System32\PSAPI.DLL

dbghelp: loaded successfully - version: 4.0.5 - missing functions: none
symbol engine: initialized successfully - sym options: 0x614 - pdb path: .;C:\Program Files\Java\jdk-19\bin;C:\Windows\SYSTEM32;C:\Windows\WinSxS\amd64_microsoft.windows.common-controls_6595b64144ccf1df_6.0.19041.4355_none_60b8b9eb71f62e16;C:\Program Files (x86)\360\Total Security\safemon;C:\Program Files\Java\jdk-19\bin\server

VM Arguments:
java_command: C:\Users\APC\AppData\Local\Temp\surefire905333467900971046\surefirebooter-20241225103719938_3.jar C:\Users\APC\AppData\Local\Temp\surefire905333467900971046 2024-12-25T10-37-19_698-jvmRun1 surefire-20241225103719938_1tmp surefire_0-20241225103719938_2tmp
java_class_path (initial): C:\Users\APC\AppData\Local\Temp\surefire905333467900971046\surefirebooter-20241225103719938_3.jar
Launcher Type: SUN_STANDARD

[Global flags]
     intx CICompilerCount                          = 4                                         {product} {ergonomic}
     uint ConcGCThreads                            = 2                                         {product} {ergonomic}
     uint G1ConcRefinementThreads                  = 8                                         {product} {ergonomic}
   size_t G1HeapRegionSize                         = 2097152                                   {product} {ergonomic}
    uintx GCDrainStackTargetSize                   = 64                                        {product} {ergonomic}
   size_t InitialHeapSize                          = 201326592                                 {product} {ergonomic}
   size_t MarkStackSize                            = 4194304                                   {product} {ergonomic}
   size_t MaxHeapSize                              = 3196059648                                {product} {ergonomic}
   size_t MaxNewSize                               = 1916796928                                {product} {ergonomic}
   size_t MinHeapDeltaBytes                        = 2097152                                   {product} {ergonomic}
   size_t MinHeapSize                              = 8388608                                   {product} {ergonomic}
    uintx NonNMethodCodeHeapSize                   = 5839372                                {pd product} {ergonomic}
    uintx NonProfiledCodeHeapSize                  = 122909434                              {pd product} {ergonomic}
    uintx ProfiledCodeHeapSize                     = 122909434                              {pd product} {ergonomic}
    uintx ReservedCodeCacheSize                    = 251658240                              {pd product} {ergonomic}
     bool SegmentedCodeCache                       = true                                      {product} {ergonomic}
   size_t SoftMaxHeapSize                          = 3196059648                             {manageable} {ergonomic}
     bool UseCompressedClassPointers               = true                           {product lp64_product} {ergonomic}
     bool UseCompressedOops                        = true                           {product lp64_product} {ergonomic}
     bool UseG1GC                                  = true                                      {product} {ergonomic}
     bool UseLargePagesIndividualAllocation        = false                                  {pd product} {ergonomic}

Logging:
Log output configuration:
 #0: stdout all=warning uptime,level,tags foldmultilines=false
 #1: stderr all=off uptime,level,tags foldmultilines=false

Environment Variables:
PATH=C:\Program Files\Python313\Scripts\;C:\Program Files\Python313\;C:\Program Files\Common Files\Oracle\Java\javapath;C:\Windows\system32;C:\Windows;C:\Windows\System32\Wbem;C:\Windows\System32\WindowsPowerShell\v1.0\;C:\Windows\System32\OpenSSH\;C:\Program Files\Java\jdk-1.8\bin;C:\Program Files\Git\cmd;C:\Program Files\nodejs\;C:\Program Files\apache-maven-3.9.6\bin;C:\Program Files\dotnet\;C:\Users\APC\AppData\Local\Android\Sdk\tools;C:\Users\APC\AppData\Local\Microsoft\WindowsApps;C:\Users\APC\AppData\Local\Programs\Microsoft VS Code\bin;C:\Users\APC\AppData\Roaming\npm;C:\Users\APC\AppData\Local\Android\Sdk\platform-tools;
USERNAME=APC
OS=Windows_NT
PROCESSOR_IDENTIFIER=Intel64 Family 6 Model 142 Stepping 10, GenuineIntel
TMP=C:\Users\APC\AppData\Local\Temp
TEMP=C:\Users\APC\AppData\Local\Temp



---------------  S Y S T E M  ---------------

OS:
 Windows 10 , 64 bit Build 19041 (10.0.19041.5198)
OS uptime: 0 days 1:47 hours

CPU: total 8 (initial active 8) (4 cores per cpu, 2 threads per core) family 6 model 142 stepping 10 microcode 0xf0, cx8, cmov, fxsr, ht, mmx, 3dnowpref, sse, sse2, sse3, ssse3, sse4.1, sse4.2, popcnt, lzcnt, tsc, tscinvbit, avx, avx2, aes, erms, clmul, bmi1, bmi2, adx, fma, vzeroupper, clflush, clflushopt, rdtscp

Memory: 4k page, system-wide physical 12185M (800M free)
TotalPageFile size 18329M (AvailPageFile size 1M)
current process WorkingSet (physical memory assigned to process): 38M, peak: 38M
current process commit charge ("private bytes"): 280M, peak: 280M

vm_info: Java HotSpot(TM) 64-Bit Server VM (19.0.2+7-44) for windows-amd64 JRE (19.0.2+7-44), built on 2022-11-30T18:02:09Z by "mach5one" with MS VC++ 17.1 (VS2022)

END.
