#
# There is insufficient memory for the Java Runtime Environment to continue.
# Native memory allocation (malloc) failed to allocate 920736 bytes for Chunk::new
# Possible reasons:
#   The system is out of physical RAM or swap space
#   The process is running with CompressedOops enabled, and the Java Heap may be blocking the growth of the native heap
# Possible solutions:
#   Reduce memory load on the system
#   Increase physical memory or swap space
#   Check if swap backing store is full
#   Decrease Java heap size (-Xmx/-Xms)
#   Decrease number of Java threads
#   Decrease Java thread stack sizes (-Xss)
#   Set larger code cache with -XX:ReservedCodeCacheSize=
#   JVM is running with Zero Based Compressed Oops mode in which the Java heap is
#     placed in the first 32GB address space. The Java Heap base address is the
#     maximum limit for the native heap growth. Please use -XX:HeapBaseMinAddress
#     to set the Java Heap base and to place the Java Heap above 32GB virtual address.
# This output file may be truncated or incomplete.
#
#  Out of Memory Error (arena.cpp:184), pid=21088, tid=17248
#
# JRE version: Java(TM) SE Runtime Environment (19.0.2+7) (build 19.0.2+7-44)
# Java VM: Java HotSpot(TM) 64-Bit Server VM (19.0.2+7-44, mixed mode, sharing, tiered, compressed oops, compressed class ptrs, g1 gc, windows-amd64)
# No core dump will be written. Minidumps are not enabled by default on client versions of Windows
#

---------------  S U M M A R Y ------------

Command Line: -Dclassworlds.conf=C:\Program Files\apache-maven-3.9.6\bin\m2.conf -Dmaven.home=C:\Program Files\apache-maven-3.9.6 -Dlibrary.jansi.path=C:\Program Files\apache-maven-3.9.6\lib\jansi-native -Dmaven.multiModuleProjectDirectory=C:\Users\APC\Desktop\New folder\Microservice_Test\UserService org.codehaus.plexus.classworlds.launcher.Launcher clean install

Host: Intel(R) Core(TM) i5-8250U CPU @ 1.60GHz, 8 cores, 11G,  Windows 10 , 64 bit Build 19041 (10.0.19041.5198)
Time: Wed Dec 25 10:37:20 2024 SE Asia Standard Time elapsed time: 8.056085 seconds (0d 0h 0m 8s)

---------------  T H R E A D  ---------------

Current thread (0x00000220fffb1eb0):  JavaThread "C2 CompilerThread1" daemon [_thread_in_native, id=17248, stack(0x0000003018a00000,0x0000003018b00000)]


Current CompileTask:
C2:   8056 7114       4       org.apache.maven.model.inheritance.DefaultInheritanceAssembler$InheritanceModelMerger::mergePluginContainer_Plugins (433 bytes)

Stack: [0x0000003018a00000,0x0000003018b00000]
Native frames: (J=compiled Java code, j=interpreted, Vv=VM code, C=native code)
V  [jvm.dll+0x6ee21a]
V  [jvm.dll+0x85765e]
V  [jvm.dll+0x85904e]
V  [jvm.dll+0x859703]
V  [jvm.dll+0x28298f]
V  [jvm.dll+0xc9adf]
V  [jvm.dll+0xc9e65]
V  [jvm.dll+0x2f7caf]
V  [jvm.dll+0x5f076b]
V  [jvm.dll+0x255483]
V  [jvm.dll+0x24dd00]
V  [jvm.dll+0x24b673]
V  [jvm.dll+0x1d6ce1]
V  [jvm.dll+0x25b25a]
V  [jvm.dll+0x2596e8]
V  [jvm.dll+0x807588]
V  [jvm.dll+0x80125a]
V  [jvm.dll+0x6ecf0b]
C  [ucrtbase.dll+0x21bb2]
C  [KERNEL32.DLL+0x17374]
C  [ntdll.dll+0x4cc91]


---------------  P R O C E S S  ---------------

Threads class SMR info:
_java_thread_list=0x00000220880caa90, length=13, elements={
0x00000220e11b37c0, 0x00000220fff90a80, 0x00000220fff91870, 0x00000220fff94b70,
0x00000220fff9a620, 0x00000220fff9b1d0, 0x00000220fff9bb00, 0x00000220fffa6780,
0x00000220fffb0870, 0x00000220fffb5200, 0x0000022086202040, 0x0000022086206060,
0x00000220fffb1eb0
}

Java Threads: ( => current thread )
  0x00000220e11b37c0 JavaThread "main" [_thread_in_Java, id=20316, stack(0x0000003017700000,0x0000003017800000)]
  0x00000220fff90a80 JavaThread "Reference Handler" daemon [_thread_blocked, id=21100, stack(0x0000003017e00000,0x0000003017f00000)]
  0x00000220fff91870 JavaThread "Finalizer" daemon [_thread_blocked, id=15716, stack(0x0000003017f00000,0x0000003018000000)]
  0x00000220fff94b70 JavaThread "Signal Dispatcher" daemon [_thread_blocked, id=18576, stack(0x0000003018000000,0x0000003018100000)]
  0x00000220fff9a620 JavaThread "Attach Listener" daemon [_thread_blocked, id=16464, stack(0x0000003018100000,0x0000003018200000)]
  0x00000220fff9b1d0 JavaThread "Service Thread" daemon [_thread_blocked, id=20916, stack(0x0000003018200000,0x0000003018300000)]
  0x00000220fff9bb00 JavaThread "Monitor Deflation Thread" daemon [_thread_blocked, id=21280, stack(0x0000003018300000,0x0000003018400000)]
  0x00000220fffa6780 JavaThread "C2 CompilerThread0" daemon [_thread_blocked, id=9908, stack(0x0000003018400000,0x0000003018500000)]
  0x00000220fffb0870 JavaThread "C1 CompilerThread0" daemon [_thread_blocked, id=20868, stack(0x0000003018500000,0x0000003018600000)]
  0x00000220fffb5200 JavaThread "Sweeper thread" daemon [_thread_blocked, id=21036, stack(0x0000003018600000,0x0000003018700000)]
  0x0000022086202040 JavaThread "Notification Thread" daemon [_thread_blocked, id=17900, stack(0x0000003018700000,0x0000003018800000)]
  0x0000022086206060 JavaThread "Common-Cleaner" daemon [_thread_blocked, id=10528, stack(0x0000003018900000,0x0000003018a00000)]
=>0x00000220fffb1eb0 JavaThread "C2 CompilerThread1" daemon [_thread_in_native, id=17248, stack(0x0000003018a00000,0x0000003018b00000)]

Other Threads:
  0x00000220fff77980 VMThread "VM Thread" [stack: 0x0000003017d00000,0x0000003017e00000] [id=5324]
  0x0000022086205db0 WatcherThread "VM Periodic Task Thread" [stack: 0x0000003018800000,0x0000003018900000] [id=10632]
  0x00000220e120f8e0 WorkerThread "GC Thread#0" [stack: 0x0000003017800000,0x0000003017900000] [id=21104]
  0x00000220876fb410 WorkerThread "GC Thread#1" [stack: 0x0000003018c00000,0x0000003018d00000] [id=19500]
  0x000002208699d890 WorkerThread "GC Thread#2" [stack: 0x0000003018d00000,0x0000003018e00000] [id=3848]
  0x000002208699db60 WorkerThread "GC Thread#3" [stack: 0x0000003018e00000,0x0000003018f00000] [id=12764]
  0x0000022086e644e0 WorkerThread "GC Thread#4" [stack: 0x0000003018f00000,0x0000003019000000] [id=13328]
  0x00000220870f24f0 WorkerThread "GC Thread#5" [stack: 0x0000003019000000,0x0000003019100000] [id=21312]
  0x00000220870f2a90 WorkerThread "GC Thread#6" [stack: 0x0000003019100000,0x0000003019200000] [id=5492]
  0x00000220870f1c80 WorkerThread "GC Thread#7" [stack: 0x0000003019200000,0x0000003019300000] [id=2468]
  0x00000220e121c6c0 ConcurrentGCThread "G1 Main Marker" [stack: 0x0000003017900000,0x0000003017a00000] [id=8932]
  0x00000220e121d290 WorkerThread "G1 Conc#0" [stack: 0x0000003017a00000,0x0000003017b00000] [id=16576]
  0x00000220881d2df0 WorkerThread "G1 Conc#1" [stack: 0x0000003019300000,0x0000003019400000] [id=11700]
  0x00000220e125eaa0 ConcurrentGCThread "G1 Refine#0" [stack: 0x0000003017b00000,0x0000003017c00000] [id=18916]
  0x00000220ffe31b60 ConcurrentGCThread "G1 Service" [stack: 0x0000003017c00000,0x0000003017d00000] [id=15124]

Threads with active compile tasks:
C2 CompilerThread1     8098 7114       4       org.apache.maven.model.inheritance.DefaultInheritanceAssembler$InheritanceModelMerger::mergePluginContainer_Plugins (433 bytes)

VM state: not at safepoint (normal execution)

VM Mutex/Monitor currently owned by a thread: None

Heap address: 0x0000000741800000, size: 3048 MB, Compressed Oops mode: Zero based, Oop shift amount: 3

CDS archive(s) mapped at: [0x0000000800000000-0x0000000800c40000-0x0000000800c40000), size 12845056, SharedBaseAddress: 0x0000000800000000, ArchiveRelocationMode: 0.
Compressed class space mapped at: 0x0000000801000000-0x0000000841000000, reserved size: 1073741824
Narrow klass base: 0x0000000800000000, Narrow klass shift: 0, Narrow klass range: 0x100000000

GC Precious Log:
 CardTable entry size: 512
 Card Set container configuration: InlinePtr #cards 4 size 8 Array Of Cards #cards 16 size 48 Howl #buckets 8 coarsen threshold 3686 Howl Bitmap #cards 512 size 80 coarsen threshold 460 Card regions per heap region 1 cards per card region 4096
 CPUs: 8 total, 8 available
 Memory: 12185M
 Large Page Support: Disabled
 NUMA Support: Disabled
 Compressed Oops: Enabled (Zero based)
 Heap Region Size: 2M
 Heap Min Capacity: 8M
 Heap Initial Capacity: 192M
 Heap Max Capacity: 3048M
 Pre-touch: Disabled
 Parallel Workers: 8
 Concurrent Workers: 2
 Concurrent Refinement Workers: 8
 Periodic GC: Disabled

Heap:
 garbage-first heap   total 233472K, used 134171K [0x0000000741800000, 0x0000000800000000)
  region size 2048K, 36 young (73728K), 2 survivors (4096K)
 Metaspace       used 34903K, committed 35328K, reserved 1114112K
  class space    used 3833K, committed 4032K, reserved 1048576K

Heap Regions: E=young(eden), S=young(survivor), O=old, HS=humongous(starts), HC=humongous(continues), CS=collection set, F=free, OA=open archive, CA=closed archive, TAMS=top-at-mark-start (previous, next)
|   0|0x0000000741800000, 0x0000000741a00000, 0x0000000741a00000|100%| O|  |TAMS 0x0000000741a00000, 0x0000000741800000| Untracked 
|   1|0x0000000741a00000, 0x0000000741c00000, 0x0000000741c00000|100%| O|  |TAMS 0x0000000741c00000, 0x0000000741a00000| Untracked 
|   2|0x0000000741c00000, 0x0000000741e00000, 0x0000000741e00000|100%| O|  |TAMS 0x0000000741e00000, 0x0000000741c00000| Untracked 
|   3|0x0000000741e00000, 0x0000000742000000, 0x0000000742000000|100%|HS|  |TAMS 0x0000000742000000, 0x0000000741e00000| Complete 
|   4|0x0000000742000000, 0x0000000742200000, 0x0000000742200000|100%| O|  |TAMS 0x0000000742200000, 0x0000000742000000| Untracked 
|   5|0x0000000742200000, 0x0000000742400000, 0x0000000742400000|100%| O|  |TAMS 0x0000000742400000, 0x0000000742200000| Untracked 
|   6|0x0000000742400000, 0x0000000742600000, 0x0000000742600000|100%| O|  |TAMS 0x0000000742600000, 0x0000000742400000| Untracked 
|   7|0x0000000742600000, 0x0000000742800000, 0x0000000742800000|100%| O|  |TAMS 0x0000000742800000, 0x0000000742600000| Untracked 
|   8|0x0000000742800000, 0x0000000742a00000, 0x0000000742a00000|100%| O|  |TAMS 0x0000000742a00000, 0x0000000742800000| Untracked 
|   9|0x0000000742a00000, 0x0000000742c00000, 0x0000000742c00000|100%| O|  |TAMS 0x0000000742c00000, 0x0000000742a00000| Untracked 
|  10|0x0000000742c00000, 0x0000000742e00000, 0x0000000742e00000|100%|HS|  |TAMS 0x0000000742e00000, 0x0000000742c00000| Complete 
|  11|0x0000000742e00000, 0x0000000743000000, 0x0000000743000000|100%| O|  |TAMS 0x0000000743000000, 0x0000000742e00000| Untracked 
|  12|0x0000000743000000, 0x0000000743200000, 0x0000000743200000|100%| O|  |TAMS 0x0000000743200000, 0x0000000743000000| Complete 
|  13|0x0000000743200000, 0x0000000743400000, 0x0000000743400000|100%| O|  |TAMS 0x0000000743400000, 0x0000000743200000| Untracked 
|  14|0x0000000743400000, 0x0000000743600000, 0x0000000743600000|100%| O|  |TAMS 0x0000000743600000, 0x0000000743400000| Untracked 
|  15|0x0000000743600000, 0x0000000743800000, 0x0000000743800000|100%| O|  |TAMS 0x0000000743800000, 0x0000000743600000| Untracked 
|  16|0x0000000743800000, 0x0000000743a00000, 0x0000000743a00000|100%| O|  |TAMS 0x0000000743a00000, 0x0000000743800000| Complete 
|  17|0x0000000743a00000, 0x0000000743c00000, 0x0000000743c00000|100%| O|  |TAMS 0x0000000743c00000, 0x0000000743a00000| Untracked 
|  18|0x0000000743c00000, 0x0000000743e00000, 0x0000000743e00000|100%| O|  |TAMS 0x0000000743e00000, 0x0000000743c00000| Untracked 
|  19|0x0000000743e00000, 0x0000000744000000, 0x0000000744000000|100%| O|  |TAMS 0x0000000744000000, 0x0000000743e00000| Untracked 
|  20|0x0000000744000000, 0x0000000744200000, 0x0000000744200000|100%| O|  |TAMS 0x0000000744200000, 0x0000000744000000| Untracked 
|  21|0x0000000744200000, 0x0000000744400000, 0x0000000744400000|100%| O|  |TAMS 0x0000000744400000, 0x0000000744200000| Untracked 
|  22|0x0000000744400000, 0x0000000744600000, 0x0000000744600000|100%| O|  |TAMS 0x000000074451e800, 0x0000000744400000| Untracked 
|  23|0x0000000744600000, 0x0000000744800000, 0x0000000744800000|100%| O|  |TAMS 0x0000000744800000, 0x0000000744600000| Untracked 
|  24|0x0000000744800000, 0x0000000744a00000, 0x0000000744a00000|100%| O|  |TAMS 0x0000000744a00000, 0x0000000744800000| Untracked 
|  25|0x0000000744a00000, 0x0000000744c00000, 0x0000000744c00000|100%| O|  |TAMS 0x0000000744c00000, 0x0000000744a00000| Untracked 
|  26|0x0000000744c00000, 0x0000000744e00000, 0x0000000744e00000|100%| O|  |TAMS 0x0000000744e00000, 0x0000000744c00000| Untracked 
|  27|0x0000000744e00000, 0x0000000745000000, 0x0000000745000000|100%| O|  |TAMS 0x0000000744e00000, 0x0000000744e00000| Untracked 
|  28|0x0000000745000000, 0x0000000745200000, 0x0000000745200000|100%| O|  |TAMS 0x0000000745000000, 0x0000000745000000| Untracked 
|  29|0x0000000745200000, 0x0000000745400000, 0x0000000745400000|100%| O|  |TAMS 0x0000000745200000, 0x0000000745200000| Untracked 
|  30|0x0000000745400000, 0x0000000745600000, 0x0000000745600000|100%| O|  |TAMS 0x0000000745400000, 0x0000000745400000| Untracked 
|  31|0x0000000745600000, 0x0000000745706c00, 0x0000000745800000| 51%| O|  |TAMS 0x0000000745600000, 0x0000000745600000| Untracked 
|  32|0x0000000745800000, 0x0000000745800000, 0x0000000745a00000|  0%| F|  |TAMS 0x0000000745800000, 0x0000000745800000| Untracked 
|  33|0x0000000745a00000, 0x0000000745a00000, 0x0000000745c00000|  0%| F|  |TAMS 0x0000000745a00000, 0x0000000745a00000| Untracked 
|  34|0x0000000745c00000, 0x0000000745c00000, 0x0000000745e00000|  0%| F|  |TAMS 0x0000000745c00000, 0x0000000745c00000| Untracked 
|  35|0x0000000745e00000, 0x0000000745e00000, 0x0000000746000000|  0%| F|  |TAMS 0x0000000745e00000, 0x0000000745e00000| Untracked 
|  36|0x0000000746000000, 0x0000000746000000, 0x0000000746200000|  0%| F|  |TAMS 0x0000000746000000, 0x0000000746000000| Untracked 
|  37|0x0000000746200000, 0x0000000746200000, 0x0000000746400000|  0%| F|  |TAMS 0x0000000746200000, 0x0000000746200000| Untracked 
|  38|0x0000000746400000, 0x0000000746400000, 0x0000000746600000|  0%| F|  |TAMS 0x0000000746400000, 0x0000000746400000| Untracked 
|  39|0x0000000746600000, 0x0000000746600000, 0x0000000746800000|  0%| F|  |TAMS 0x0000000746600000, 0x0000000746600000| Untracked 
|  40|0x0000000746800000, 0x0000000746800000, 0x0000000746a00000|  0%| F|  |TAMS 0x0000000746800000, 0x0000000746800000| Untracked 
|  41|0x0000000746a00000, 0x0000000746a00000, 0x0000000746c00000|  0%| F|  |TAMS 0x0000000746a00000, 0x0000000746a00000| Untracked 
|  42|0x0000000746c00000, 0x0000000746c00000, 0x0000000746e00000|  0%| F|  |TAMS 0x0000000746c00000, 0x0000000746c00000| Untracked 
|  43|0x0000000746e00000, 0x0000000747000000, 0x0000000747000000|100%| S|CS|TAMS 0x0000000746e00000, 0x0000000746e00000| Complete 
|  44|0x0000000747000000, 0x0000000747200000, 0x0000000747200000|100%| S|CS|TAMS 0x0000000747000000, 0x0000000747000000| Complete 
|  45|0x0000000747200000, 0x0000000747200000, 0x0000000747400000|  0%| F|  |TAMS 0x0000000747200000, 0x0000000747200000| Untracked 
|  46|0x0000000747400000, 0x0000000747400000, 0x0000000747600000|  0%| F|  |TAMS 0x0000000747400000, 0x0000000747400000| Untracked 
|  47|0x0000000747600000, 0x0000000747600000, 0x0000000747800000|  0%| F|  |TAMS 0x0000000747600000, 0x0000000747600000| Untracked 
|  48|0x0000000747800000, 0x0000000747800000, 0x0000000747a00000|  0%| F|  |TAMS 0x0000000747800000, 0x0000000747800000| Untracked 
|  49|0x0000000747a00000, 0x0000000747a00000, 0x0000000747c00000|  0%| F|  |TAMS 0x0000000747a00000, 0x0000000747a00000| Untracked 
|  50|0x0000000747c00000, 0x0000000747c00000, 0x0000000747e00000|  0%| F|  |TAMS 0x0000000747c00000, 0x0000000747c00000| Untracked 
|  51|0x0000000747e00000, 0x0000000747e00000, 0x0000000748000000|  0%| F|  |TAMS 0x0000000747e00000, 0x0000000747e00000| Untracked 
|  52|0x0000000748000000, 0x0000000748000000, 0x0000000748200000|  0%| F|  |TAMS 0x0000000748000000, 0x0000000748000000| Untracked 
|  53|0x0000000748200000, 0x0000000748200000, 0x0000000748400000|  0%| F|  |TAMS 0x0000000748200000, 0x0000000748200000| Untracked 
|  54|0x0000000748400000, 0x0000000748400000, 0x0000000748600000|  0%| F|  |TAMS 0x0000000748400000, 0x0000000748400000| Untracked 
|  55|0x0000000748600000, 0x0000000748600000, 0x0000000748800000|  0%| F|  |TAMS 0x0000000748600000, 0x0000000748600000| Untracked 
|  56|0x0000000748800000, 0x0000000748800000, 0x0000000748a00000|  0%| F|  |TAMS 0x0000000748800000, 0x0000000748800000| Untracked 
|  57|0x0000000748a00000, 0x0000000748a00000, 0x0000000748c00000|  0%| F|  |TAMS 0x0000000748a00000, 0x0000000748a00000| Untracked 
|  58|0x0000000748c00000, 0x0000000748c00000, 0x0000000748e00000|  0%| F|  |TAMS 0x0000000748c00000, 0x0000000748c00000| Untracked 
|  59|0x0000000748e00000, 0x0000000748e00000, 0x0000000749000000|  0%| F|  |TAMS 0x0000000748e00000, 0x0000000748e00000| Untracked 
|  60|0x0000000749000000, 0x0000000749000000, 0x0000000749200000|  0%| F|  |TAMS 0x0000000749000000, 0x0000000749000000| Untracked 
|  61|0x0000000749200000, 0x0000000749200000, 0x0000000749400000|  0%| F|  |TAMS 0x0000000749200000, 0x0000000749200000| Untracked 
|  62|0x0000000749400000, 0x0000000749400000, 0x0000000749600000|  0%| F|  |TAMS 0x0000000749400000, 0x0000000749400000| Untracked 
|  63|0x0000000749600000, 0x0000000749600000, 0x0000000749800000|  0%| F|  |TAMS 0x0000000749600000, 0x0000000749600000| Untracked 
|  64|0x0000000749800000, 0x0000000749800000, 0x0000000749a00000|  0%| F|  |TAMS 0x0000000749800000, 0x0000000749800000| Untracked 
|  65|0x0000000749a00000, 0x0000000749a00000, 0x0000000749c00000|  0%| F|  |TAMS 0x0000000749a00000, 0x0000000749a00000| Untracked 
|  66|0x0000000749c00000, 0x0000000749c00000, 0x0000000749e00000|  0%| F|  |TAMS 0x0000000749c00000, 0x0000000749c00000| Untracked 
|  67|0x0000000749e00000, 0x0000000749e00000, 0x000000074a000000|  0%| F|  |TAMS 0x0000000749e00000, 0x0000000749e00000| Untracked 
|  68|0x000000074a000000, 0x000000074a000000, 0x000000074a200000|  0%| F|  |TAMS 0x000000074a000000, 0x000000074a000000| Untracked 
|  69|0x000000074a200000, 0x000000074a200000, 0x000000074a400000|  0%| F|  |TAMS 0x000000074a200000, 0x000000074a200000| Untracked 
|  70|0x000000074a400000, 0x000000074a400000, 0x000000074a600000|  0%| F|  |TAMS 0x000000074a400000, 0x000000074a400000| Untracked 
|  71|0x000000074a600000, 0x000000074a600000, 0x000000074a800000|  0%| F|  |TAMS 0x000000074a600000, 0x000000074a600000| Untracked 
|  72|0x000000074a800000, 0x000000074a800000, 0x000000074aa00000|  0%| F|  |TAMS 0x000000074a800000, 0x000000074a800000| Untracked 
|  73|0x000000074aa00000, 0x000000074aa00000, 0x000000074ac00000|  0%| F|  |TAMS 0x000000074aa00000, 0x000000074aa00000| Untracked 
|  74|0x000000074ac00000, 0x000000074ac00000, 0x000000074ae00000|  0%| F|  |TAMS 0x000000074ac00000, 0x000000074ac00000| Untracked 
|  75|0x000000074ae00000, 0x000000074ae00000, 0x000000074b000000|  0%| F|  |TAMS 0x000000074ae00000, 0x000000074ae00000| Untracked 
|  76|0x000000074b000000, 0x000000074b000000, 0x000000074b200000|  0%| F|  |TAMS 0x000000074b000000, 0x000000074b000000| Untracked 
|  77|0x000000074b200000, 0x000000074b200000, 0x000000074b400000|  0%| F|  |TAMS 0x000000074b200000, 0x000000074b200000| Untracked 
|  78|0x000000074b400000, 0x000000074b400000, 0x000000074b600000|  0%| F|  |TAMS 0x000000074b400000, 0x000000074b400000| Untracked 
|  79|0x000000074b600000, 0x000000074b600000, 0x000000074b800000|  0%| F|  |TAMS 0x000000074b600000, 0x000000074b600000| Untracked 
|  80|0x000000074b800000, 0x000000074b933808, 0x000000074ba00000| 60%| E|  |TAMS 0x000000074b800000, 0x000000074b800000| Complete 
|  81|0x000000074ba00000, 0x000000074bc00000, 0x000000074bc00000|100%| E|CS|TAMS 0x000000074ba00000, 0x000000074ba00000| Complete 
|  82|0x000000074bc00000, 0x000000074be00000, 0x000000074be00000|100%| E|CS|TAMS 0x000000074bc00000, 0x000000074bc00000| Complete 
|  83|0x000000074be00000, 0x000000074c000000, 0x000000074c000000|100%| E|CS|TAMS 0x000000074be00000, 0x000000074be00000| Complete 
|  84|0x000000074c000000, 0x000000074c200000, 0x000000074c200000|100%| E|CS|TAMS 0x000000074c000000, 0x000000074c000000| Complete 
|  85|0x000000074c200000, 0x000000074c400000, 0x000000074c400000|100%| E|CS|TAMS 0x000000074c200000, 0x000000074c200000| Complete 
|  86|0x000000074c400000, 0x000000074c600000, 0x000000074c600000|100%| E|CS|TAMS 0x000000074c400000, 0x000000074c400000| Complete 
|  87|0x000000074c600000, 0x000000074c800000, 0x000000074c800000|100%| E|CS|TAMS 0x000000074c600000, 0x000000074c600000| Complete 
|  88|0x000000074c800000, 0x000000074ca00000, 0x000000074ca00000|100%| E|CS|TAMS 0x000000074c800000, 0x000000074c800000| Complete 
|  89|0x000000074ca00000, 0x000000074cc00000, 0x000000074cc00000|100%| E|CS|TAMS 0x000000074ca00000, 0x000000074ca00000| Complete 
|  90|0x000000074cc00000, 0x000000074ce00000, 0x000000074ce00000|100%| E|CS|TAMS 0x000000074cc00000, 0x000000074cc00000| Complete 
|  91|0x000000074ce00000, 0x000000074d000000, 0x000000074d000000|100%| E|CS|TAMS 0x000000074ce00000, 0x000000074ce00000| Complete 
|  92|0x000000074d000000, 0x000000074d200000, 0x000000074d200000|100%| E|CS|TAMS 0x000000074d000000, 0x000000074d000000| Complete 
|  93|0x000000074d200000, 0x000000074d400000, 0x000000074d400000|100%| E|CS|TAMS 0x000000074d200000, 0x000000074d200000| Complete 
|  94|0x000000074d400000, 0x000000074d600000, 0x000000074d600000|100%| E|CS|TAMS 0x000000074d400000, 0x000000074d400000| Complete 
|  95|0x000000074d600000, 0x000000074d800000, 0x000000074d800000|100%| E|CS|TAMS 0x000000074d600000, 0x000000074d600000| Complete 
|  96|0x000000074d800000, 0x000000074da00000, 0x000000074da00000|100%| E|CS|TAMS 0x000000074d800000, 0x000000074d800000| Complete 
|  97|0x000000074da00000, 0x000000074dc00000, 0x000000074dc00000|100%| E|CS|TAMS 0x000000074da00000, 0x000000074da00000| Complete 
|  98|0x000000074dc00000, 0x000000074de00000, 0x000000074de00000|100%| E|CS|TAMS 0x000000074dc00000, 0x000000074dc00000| Complete 
|  99|0x000000074de00000, 0x000000074e000000, 0x000000074e000000|100%| E|CS|TAMS 0x000000074de00000, 0x000000074de00000| Complete 
| 100|0x000000074e000000, 0x000000074e200000, 0x000000074e200000|100%| E|CS|TAMS 0x000000074e000000, 0x000000074e000000| Complete 
| 101|0x000000074e200000, 0x000000074e400000, 0x000000074e400000|100%| E|  |TAMS 0x000000074e200000, 0x000000074e200000| Complete 
| 102|0x000000074e400000, 0x000000074e600000, 0x000000074e600000|100%| E|CS|TAMS 0x000000074e400000, 0x000000074e400000| Complete 
| 103|0x000000074e600000, 0x000000074e800000, 0x000000074e800000|100%| E|CS|TAMS 0x000000074e600000, 0x000000074e600000| Complete 
| 104|0x000000074e800000, 0x000000074ea00000, 0x000000074ea00000|100%| E|CS|TAMS 0x000000074e800000, 0x000000074e800000| Complete 
| 105|0x000000074ea00000, 0x000000074ec00000, 0x000000074ec00000|100%| E|CS|TAMS 0x000000074ea00000, 0x000000074ea00000| Complete 
| 106|0x000000074ec00000, 0x000000074ee00000, 0x000000074ee00000|100%| E|CS|TAMS 0x000000074ec00000, 0x000000074ec00000| Complete 
| 107|0x000000074ee00000, 0x000000074f000000, 0x000000074f000000|100%| E|CS|TAMS 0x000000074ee00000, 0x000000074ee00000| Complete 
| 108|0x000000074f000000, 0x000000074f200000, 0x000000074f200000|100%| E|CS|TAMS 0x000000074f000000, 0x000000074f000000| Complete 
| 109|0x000000074f200000, 0x000000074f400000, 0x000000074f400000|100%| E|CS|TAMS 0x000000074f200000, 0x000000074f200000| Complete 
| 110|0x000000074f400000, 0x000000074f600000, 0x000000074f600000|100%| E|CS|TAMS 0x000000074f400000, 0x000000074f400000| Complete 
| 111|0x000000074f600000, 0x000000074f800000, 0x000000074f800000|100%| E|CS|TAMS 0x000000074f600000, 0x000000074f600000| Complete 
| 112|0x000000074f800000, 0x000000074fa00000, 0x000000074fa00000|100%| E|CS|TAMS 0x000000074f800000, 0x000000074f800000| Complete 
| 113|0x000000074fa00000, 0x000000074fc00000, 0x000000074fc00000|100%| E|CS|TAMS 0x000000074fa00000, 0x000000074fa00000| Complete 

Card table byte_map: [0x00000220f8a30000,0x00000220f9030000] _byte_map_base: 0x00000220f5024000

Marking Bits (Prev, Next): (CMBitMap*) 0x00000220e120ff10, (CMBitMap*) 0x00000220e120ff50
 Prev Bits: [0x00000220f9630000, 0x00000220fc5d0000)
 Next Bits: [0x00000220fc5d0000, 0x00000220ff570000)

Polling page: 0x00000220df190000

Metaspace:

Usage:
  Non-class:     30.35 MB used.
      Class:      3.74 MB used.
       Both:     34.09 MB used.

Virtual space:
  Non-class space:       64.00 MB reserved,      30.56 MB ( 48%) committed,  1 nodes.
      Class space:        1.00 GB reserved,       3.94 MB ( <1%) committed,  1 nodes.
             Both:        1.06 GB reserved,      34.50 MB (  3%) committed. 

Chunk freelists:
   Non-Class:  1.41 MB
       Class:  80.00 KB
        Both:  1.48 MB

MaxMetaspaceSize: unlimited
CompressedClassSpaceSize: 1.00 GB
Initial GC threshold: 21.00 MB
Current GC threshold: 49.94 MB
CDS: on
MetaspaceReclaimPolicy: balanced
 - commit_granule_bytes: 65536.
 - commit_granule_words: 8192.
 - virtual_space_node_default_size: 8388608.
 - enlarge_chunks_in_place: 1.
 - new_chunks_are_fully_committed: 0.
 - uncommit_free_chunks: 1.
 - use_allocation_guard: 0.


Internal statistics:

num_allocs_failed_limit: 3.
num_arena_births: 404.
num_arena_deaths: 0.
num_vsnodes_births: 2.
num_vsnodes_deaths: 0.
num_space_committed: 552.
num_space_uncommitted: 0.
num_chunks_returned_to_freelist: 3.
num_chunks_taken_from_freelist: 1671.
num_chunk_merges: 3.
num_chunk_splits: 1186.
num_chunks_enlarged: 943.
num_inconsistent_stats: 0.

CodeHeap 'non-profiled nmethods': size=120000Kb used=3858Kb max_used=3858Kb free=116141Kb
 bounds [0x00000220f0bd0000, 0x00000220f0fa0000, 0x00000220f8100000]
CodeHeap 'profiled nmethods': size=120000Kb used=14066Kb max_used=14066Kb free=105933Kb
 bounds [0x00000220e9100000, 0x00000220e9ec0000, 0x00000220f0630000]
CodeHeap 'non-nmethods': size=5760Kb used=1346Kb max_used=1390Kb free=4413Kb
 bounds [0x00000220f0630000, 0x00000220f08a0000, 0x00000220f0bd0000]
 total_blobs=7084 nmethods=6505 adapters=489
 compilation: enabled
              stopped_count=0, restarted_count=0
 full_count=0

Compilation events (20 events):
Event: 8.001 Thread 0x00000220fffb0870 nmethod 7412 0x00000220f0f91d10 code [0x00000220f0f91ea0, 0x00000220f0f91f58]
Event: 8.001 Thread 0x00000220fffb0870 7413       1       org.apache.maven.surefire.api.stream.AbstractStreamDecoder$MalformedFrameException::readTo (5 bytes)
Event: 8.001 Thread 0x00000220fffb0870 nmethod 7413 0x00000220f0f92010 code [0x00000220f0f921a0, 0x00000220f0f92258]
Event: 8.002 Thread 0x00000220fffa6780 nmethod 7402 0x00000220f0f92310 code [0x00000220f0f924a0, 0x00000220f0f92898]
Event: 8.002 Thread 0x00000220fffb0870 7414       3       java.lang.StringBuffer::<init> (7 bytes)
Event: 8.002 Thread 0x00000220fffb0870 nmethod 7414 0x00000220e9eb0a90 code [0x00000220e9eb0c40, 0x00000220e9eb0d88]
Event: 8.002 Thread 0x00000220fffa6780 7415       4       java.nio.ByteBuffer::array (35 bytes)
Event: 8.003 Thread 0x00000220fffa6780 nmethod 7415 0x00000220f0f92b90 code [0x00000220f0f92d20, 0x00000220f0f92dd8]
Event: 8.003 Thread 0x00000220fffb0870 7416       3       java.util.Calendar::internalGet (7 bytes)
Event: 8.004 Thread 0x00000220fffa6780 7417       4       java.nio.CharBuffer::arrayOffset (35 bytes)
Event: 8.004 Thread 0x00000220fffb0870 nmethod 7416 0x00000220e9eb0e10 code [0x00000220e9eb0fa0, 0x00000220e9eb10d8]
Event: 8.004 Thread 0x00000220fffa6780 nmethod 7417 0x00000220f0f92e90 code [0x00000220f0f93020, 0x00000220f0f930d8]
Event: 8.004 Thread 0x00000220fffa6780 7418   !   4       java.nio.CharBuffer::wrap (21 bytes)
Event: 8.004 Thread 0x00000220fffb0870 7419       3       org.apache.maven.surefire.stream.EventDecoder::getEncodedMagicNumber (4 bytes)
Event: 8.004 Thread 0x00000220fffb0870 nmethod 7419 0x00000220e9eb1190 code [0x00000220e9eb1320, 0x00000220e9eb1438]
Event: 8.004 Thread 0x00000220fffb0870 7420   !   3       org.apache.maven.surefire.stream.EventDecoder::decode (399 bytes)
Event: 8.007 Thread 0x00000220fffb0870 nmethod 7420 0x00000220e9eb1510 code [0x00000220e9eb1ac0, 0x00000220e9eb4938]
Event: 8.007 Thread 0x00000220fffa6780 nmethod 7418 0x00000220f0f93190 code [0x00000220f0f93320, 0x00000220f0f935d8]
Event: 8.007 Thread 0x00000220fffb0870 7421       3       org.apache.maven.surefire.api.stream.AbstractStreamDecoder::readMessageType (46 bytes)
Event: 8.007 Thread 0x00000220fffb0870 nmethod 7421 0x00000220e9eb6910 code [0x00000220e9eb6b00, 0x00000220e9eb6ff8]

GC Heap History (18 events):
Event: 0.596 GC heap before
{Heap before GC invocations=0 (full 0):
 garbage-first heap   total 196608K, used 22528K [0x0000000741800000, 0x0000000800000000)
  region size 2048K, 11 young (22528K), 0 survivors (0K)
 Metaspace       used 5719K, committed 5952K, reserved 1114112K
  class space    used 646K, committed 768K, reserved 1048576K
}
Event: 0.600 GC heap after
{Heap after GC invocations=1 (full 0):
 garbage-first heap   total 196608K, used 3777K [0x0000000741800000, 0x0000000800000000)
  region size 2048K, 2 young (4096K), 2 survivors (4096K)
 Metaspace       used 5719K, committed 5952K, reserved 1114112K
  class space    used 646K, committed 768K, reserved 1048576K
}
Event: 1.104 GC heap before
{Heap before GC invocations=1 (full 0):
 garbage-first heap   total 196608K, used 34497K [0x0000000741800000, 0x0000000800000000)
  region size 2048K, 17 young (34816K), 2 survivors (4096K)
 Metaspace       used 10219K, committed 10368K, reserved 1114112K
  class space    used 1183K, committed 1280K, reserved 1048576K
}
Event: 1.109 GC heap after
{Heap after GC invocations=2 (full 0):
 garbage-first heap   total 196608K, used 5621K [0x0000000741800000, 0x0000000800000000)
  region size 2048K, 1 young (2048K), 1 survivors (2048K)
 Metaspace       used 10219K, committed 10368K, reserved 1114112K
  class space    used 1183K, committed 1280K, reserved 1048576K
}
Event: 2.756 GC heap before
{Heap before GC invocations=2 (full 0):
 garbage-first heap   total 196608K, used 120309K [0x0000000741800000, 0x0000000800000000)
  region size 2048K, 57 young (116736K), 1 survivors (2048K)
 Metaspace       used 16439K, committed 16640K, reserved 1114112K
  class space    used 1804K, committed 1920K, reserved 1048576K
}
Event: 2.771 GC heap after
{Heap after GC invocations=3 (full 0):
 garbage-first heap   total 196608K, used 18729K [0x0000000741800000, 0x0000000800000000)
  region size 2048K, 8 young (16384K), 8 survivors (16384K)
 Metaspace       used 16439K, committed 16640K, reserved 1114112K
  class space    used 1804K, committed 1920K, reserved 1048576K
}
Event: 3.927 GC heap before
{Heap before GC invocations=3 (full 0):
 garbage-first heap   total 196608K, used 98601K [0x0000000741800000, 0x0000000800000000)
  region size 2048K, 46 young (94208K), 8 survivors (16384K)
 Metaspace       used 21164K, committed 21504K, reserved 1114112K
  class space    used 2326K, committed 2432K, reserved 1048576K
}
Event: 3.942 GC heap after
{Heap after GC invocations=4 (full 0):
 garbage-first heap   total 196608K, used 30503K [0x0000000741800000, 0x0000000800000000)
  region size 2048K, 5 young (10240K), 5 survivors (10240K)
 Metaspace       used 21164K, committed 21504K, reserved 1114112K
  class space    used 2326K, committed 2432K, reserved 1048576K
}
Event: 5.278 GC heap before
{Heap before GC invocations=5 (full 0):
 garbage-first heap   total 116736K, used 89895K [0x0000000741800000, 0x0000000800000000)
  region size 2048K, 34 young (69632K), 5 survivors (10240K)
 Metaspace       used 27434K, committed 27840K, reserved 1114112K
  class space    used 3023K, committed 3200K, reserved 1048576K
}
Event: 5.294 GC heap after
{Heap after GC invocations=6 (full 0):
 garbage-first heap   total 116736K, used 42205K [0x0000000741800000, 0x0000000800000000)
  region size 2048K, 5 young (10240K), 5 survivors (10240K)
 Metaspace       used 27434K, committed 27840K, reserved 1114112K
  class space    used 3023K, committed 3200K, reserved 1048576K
}
Event: 5.319 GC heap before
{Heap before GC invocations=6 (full 0):
 garbage-first heap   total 116736K, used 44253K [0x0000000741800000, 0x0000000800000000)
  region size 2048K, 6 young (12288K), 5 survivors (10240K)
 Metaspace       used 27501K, committed 27840K, reserved 1114112K
  class space    used 3037K, committed 3200K, reserved 1048576K
}
Event: 5.328 GC heap after
{Heap after GC invocations=7 (full 0):
 garbage-first heap   total 116736K, used 44789K [0x0000000741800000, 0x0000000800000000)
  region size 2048K, 1 young (2048K), 1 survivors (2048K)
 Metaspace       used 27501K, committed 27840K, reserved 1114112K
  class space    used 3037K, committed 3200K, reserved 1048576K
}
Event: 5.975 GC heap before
{Heap before GC invocations=7 (full 0):
 garbage-first heap   total 116736K, used 81653K [0x0000000741800000, 0x0000000800000000)
  region size 2048K, 20 young (40960K), 1 survivors (2048K)
 Metaspace       used 30069K, committed 30528K, reserved 1114112K
  class space    used 3336K, committed 3520K, reserved 1048576K
}
Event: 5.978 GC heap after
{Heap after GC invocations=8 (full 0):
 garbage-first heap   total 116736K, used 44352K [0x0000000741800000, 0x0000000800000000)
  region size 2048K, 1 young (2048K), 1 survivors (2048K)
 Metaspace       used 30069K, committed 30528K, reserved 1114112K
  class space    used 3336K, committed 3520K, reserved 1048576K
}
Event: 6.289 GC heap before
{Heap before GC invocations=8 (full 0):
 garbage-first heap   total 116736K, used 87360K [0x0000000741800000, 0x0000000800000000)
  region size 2048K, 22 young (45056K), 1 survivors (2048K)
 Metaspace       used 30133K, committed 30592K, reserved 1114112K
  class space    used 3337K, committed 3584K, reserved 1048576K
}
Event: 6.304 GC heap after
{Heap after GC invocations=9 (full 0):
 garbage-first heap   total 116736K, used 60538K [0x0000000741800000, 0x0000000800000000)
  region size 2048K, 3 young (6144K), 3 survivors (6144K)
 Metaspace       used 30133K, committed 30592K, reserved 1114112K
  class space    used 3337K, committed 3584K, reserved 1048576K
}
Event: 6.497 GC heap before
{Heap before GC invocations=9 (full 0):
 garbage-first heap   total 116736K, used 85114K [0x0000000741800000, 0x0000000800000000)
  region size 2048K, 15 young (30720K), 3 survivors (6144K)
 Metaspace       used 30149K, committed 30592K, reserved 1114112K
  class space    used 3337K, committed 3584K, reserved 1048576K
}
Event: 6.508 GC heap after
{Heap after GC invocations=10 (full 0):
 garbage-first heap   total 233472K, used 68635K [0x0000000741800000, 0x0000000800000000)
  region size 2048K, 2 young (4096K), 2 survivors (4096K)
 Metaspace       used 30149K, committed 30592K, reserved 1114112K
  class space    used 3337K, committed 3584K, reserved 1048576K
}

Dll operation events (8 events):
Event: 0.008 Loaded shared library C:\Program Files\Java\jdk-19\bin\java.dll
Event: 0.016 Loaded shared library C:\Program Files\Java\jdk-19\bin\jsvml.dll
Event: 0.046 Loaded shared library C:\Program Files\Java\jdk-19\bin\net.dll
Event: 0.048 Loaded shared library C:\Program Files\Java\jdk-19\bin\nio.dll
Event: 0.050 Loaded shared library C:\Program Files\Java\jdk-19\bin\zip.dll
Event: 0.143 Loaded shared library C:\Program Files\Java\jdk-19\bin\jimage.dll
Event: 0.156 Loaded shared library C:\Program Files\apache-maven-3.9.6\lib\jansi-native\Windows\x86_64\jansi.dll
Event: 0.169 Loaded shared library C:\Program Files\Java\jdk-19\bin\verify.dll

Deoptimization events (20 events):
Event: 7.806 Thread 0x00000220889a6490 Uncommon trap: trap_request=0xffffff45 fr.pc=0x00000220f0cd89a0 relative=0x00000000000002e0
Event: 7.806 Thread 0x00000220889a6490 Uncommon trap: reason=unstable_if action=reinterpret pc=0x00000220f0cd89a0 method=java.lang.AbstractStringBuilder.inflateIfNeededFor(Ljava/lang/String;)V @ 14 c2
Event: 7.806 Thread 0x00000220889a6490 DEOPT PACKING pc=0x00000220f0cd89a0 sp=0x00000030195ff4b0
Event: 7.806 Thread 0x00000220889a6490 DEOPT UNPACKING pc=0x00000220f0696da3 sp=0x00000030195ff3a8 mode 2
Event: 7.806 Thread 0x00000220889a6490 Uncommon trap: trap_request=0xffffff45 fr.pc=0x00000220f0bf7984 relative=0x00000000000000e4
Event: 7.806 Thread 0x00000220889a6490 Uncommon trap: reason=unstable_if action=reinterpret pc=0x00000220f0bf7984 method=java.lang.String.getBytes([BIB)V @ 5 c2
Event: 7.806 Thread 0x00000220889a6490 DEOPT PACKING pc=0x00000220f0bf7984 sp=0x00000030195ff3c0
Event: 7.806 Thread 0x00000220889a6490 DEOPT UNPACKING pc=0x00000220f0696da3 sp=0x00000030195ff388 mode 2
Event: 7.806 Thread 0x00000220889a6490 Uncommon trap: trap_request=0xffffff45 fr.pc=0x00000220f0c7b0b8 relative=0x0000000000000418
Event: 7.806 Thread 0x00000220889a6490 Uncommon trap: reason=unstable_if action=reinterpret pc=0x00000220f0c7b0b8 method=java.lang.String.<init>(Ljava/lang/AbstractStringBuilder;Ljava/lang/Void;)V @ 19 c2
Event: 7.806 Thread 0x00000220889a6490 DEOPT PACKING pc=0x00000220f0c7b0b8 sp=0x00000030195ff520
Event: 7.806 Thread 0x00000220889a6490 DEOPT UNPACKING pc=0x00000220f0696da3 sp=0x00000030195ff408 mode 2
Event: 7.806 Thread 0x00000220889a6490 Uncommon trap: trap_request=0xffffff76 fr.pc=0x00000220f0f8d72c relative=0x00000000000021ac
Event: 7.806 Thread 0x00000220889a6490 Uncommon trap: reason=predicate action=maybe_recompile pc=0x00000220f0f8d72c method=java.util.regex.Pattern.compile()V @ 78 c2
Event: 7.806 Thread 0x00000220889a6490 DEOPT PACKING pc=0x00000220f0f8d72c sp=0x00000030195ff500
Event: 7.806 Thread 0x00000220889a6490 DEOPT UNPACKING pc=0x00000220f0696da3 sp=0x00000030195ff4e0 mode 2
Event: 7.806 Thread 0x00000220889a6490 Uncommon trap: trap_request=0xffffff45 fr.pc=0x00000220f0d814d8 relative=0x00000000000000b8
Event: 7.806 Thread 0x00000220889a6490 Uncommon trap: reason=unstable_if action=reinterpret pc=0x00000220f0d814d8 method=java.lang.String.codePointAt(I)I @ 4 c2
Event: 7.806 Thread 0x00000220889a6490 DEOPT PACKING pc=0x00000220f0d814d8 sp=0x00000030195ff4d0
Event: 7.806 Thread 0x00000220889a6490 DEOPT UNPACKING pc=0x00000220f0696da3 sp=0x00000030195ff468 mode 2

Classes loaded (20 events):
Event: 7.545 Loading class java/lang/Process done
Event: 7.545 Loading class java/lang/ProcessImpl done
Event: 7.786 Loading class java/lang/ProcessImpl$2
Event: 7.786 Loading class java/lang/ProcessImpl$2 done
Event: 7.786 Loading class java/lang/Process$PipeInputStream
Event: 7.786 Loading class java/lang/Process$PipeInputStream done
Event: 7.787 Loading class jdk/internal/event/ProcessStartEvent
Event: 7.788 Loading class jdk/internal/event/Event
Event: 7.788 Loading class jdk/internal/event/Event done
Event: 7.788 Loading class jdk/internal/event/ProcessStartEvent done
Event: 7.789 Loading class java/nio/channels/ClosedChannelException
Event: 7.789 Loading class java/nio/channels/ClosedChannelException done
Event: 7.790 Loading class java/nio/channels/NonReadableChannelException
Event: 7.790 Loading class java/nio/channels/NonReadableChannelException done
Event: 7.791 Loading class java/nio/channels/NonWritableChannelException
Event: 7.791 Loading class java/nio/channels/NonWritableChannelException done
Event: 7.804 Loading class java/util/Scanner
Event: 7.805 Loading class java/util/Scanner done
Event: 7.806 Loading class java/util/Scanner$PatternLRUCache
Event: 7.806 Loading class java/util/Scanner$PatternLRUCache done

Classes unloaded (0 events):
No events

Classes redefined (0 events):
No events

Internal exceptions (20 events):
Event: 6.950 Thread 0x00000220e11b37c0 Exception <a 'sun/nio/fs/WindowsException'{0x000000074df66008}> (0x000000074df66008) 
thrown [s\open\src\hotspot\share\prims\jni.cpp, line 517]
Event: 6.950 Thread 0x00000220e11b37c0 Exception <a 'sun/nio/fs/WindowsException'{0x000000074df670a8}> (0x000000074df670a8) 
thrown [s\open\src\hotspot\share\prims\jni.cpp, line 517]
Event: 6.950 Thread 0x00000220e11b37c0 Exception <a 'sun/nio/fs/WindowsException'{0x000000074df67430}> (0x000000074df67430) 
thrown [s\open\src\hotspot\share\prims\jni.cpp, line 517]
Event: 6.953 Thread 0x00000220e11b37c0 Exception <a 'sun/nio/fs/WindowsException'{0x000000074dfea9b0}> (0x000000074dfea9b0) 
thrown [s\open\src\hotspot\share\prims\jni.cpp, line 517]
Event: 6.955 Thread 0x00000220e11b37c0 Exception <a 'sun/nio/fs/WindowsException'{0x000000074dc02110}> (0x000000074dc02110) 
thrown [s\open\src\hotspot\share\prims\jni.cpp, line 517]
Event: 6.958 Thread 0x00000220e11b37c0 Exception <a 'sun/nio/fs/WindowsException'{0x000000074dc19a90}> (0x000000074dc19a90) 
thrown [s\open\src\hotspot\share\prims\jni.cpp, line 517]
Event: 6.958 Thread 0x00000220e11b37c0 Exception <a 'sun/nio/fs/WindowsException'{0x000000074dc1a230}> (0x000000074dc1a230) 
thrown [s\open\src\hotspot\share\prims\jni.cpp, line 517]
Event: 6.958 Thread 0x00000220e11b37c0 Exception <a 'sun/nio/fs/WindowsException'{0x000000074dc1a800}> (0x000000074dc1a800) 
thrown [s\open\src\hotspot\share\prims\jni.cpp, line 517]
Event: 6.958 Thread 0x00000220e11b37c0 Exception <a 'sun/nio/fs/WindowsException'{0x000000074dc1af70}> (0x000000074dc1af70) 
thrown [s\open\src\hotspot\share\prims\jni.cpp, line 517]
Event: 6.958 Thread 0x00000220e11b37c0 Exception <a 'sun/nio/fs/WindowsException'{0x000000074dc1b2d0}> (0x000000074dc1b2d0) 
thrown [s\open\src\hotspot\share\prims\jni.cpp, line 517]
Event: 6.958 Thread 0x00000220e11b37c0 Exception <a 'sun/nio/fs/WindowsException'{0x000000074dc1bfb8}> (0x000000074dc1bfb8) 
thrown [s\open\src\hotspot\share\prims\jni.cpp, line 517]
Event: 6.958 Thread 0x00000220e11b37c0 Exception <a 'sun/nio/fs/WindowsException'{0x000000074dc1c2e8}> (0x000000074dc1c2e8) 
thrown [s\open\src\hotspot\share\prims\jni.cpp, line 517]
Event: 6.958 Thread 0x00000220e11b37c0 Exception <a 'sun/nio/fs/WindowsException'{0x000000074dc1cfc8}> (0x000000074dc1cfc8) 
thrown [s\open\src\hotspot\share\prims\jni.cpp, line 517]
Event: 7.196 Thread 0x00000220889a69e0 Exception <a 'java/lang/NoSuchMethodError'{0x000000074cd92d18}: 'java.lang.Object java.lang.invoke.DirectMethodHandle$Holder.invokeStatic(java.lang.Object, long, java.lang.Object)'> (0x000000074cd92d18) 
thrown [s\open\src\hotspot\share\interpreter\linkResolver.cpp, line 774]
Event: 7.197 Thread 0x00000220889a69e0 Exception <a 'java/lang/NoSuchMethodError'{0x000000074cd96368}: 'java.lang.Object java.lang.invoke.DirectMethodHandle$Holder.invokeStaticInit(java.lang.Object, long, java.lang.Object)'> (0x000000074cd96368) 
thrown [s\open\src\hotspot\share\interpreter\linkResolver.cpp, line 774]
Event: 7.197 Thread 0x00000220889a69e0 Exception <a 'java/lang/NoSuchMethodError'{0x000000074cd9bfb8}: 'java.lang.Object java.lang.invoke.DirectMethodHandle$Holder.newInvokeSpecial(java.lang.Object, long)'> (0x000000074cd9bfb8) 
thrown [s\open\src\hotspot\share\interpreter\linkResolver.cpp, line 774]
Event: 7.198 Thread 0x00000220889a69e0 Exception <a 'java/lang/NoSuchMethodError'{0x000000074cda07c8}: 'long java.lang.invoke.DirectMethodHandle$Holder.invokeInterface(java.lang.Object, java.lang.Object)'> (0x000000074cda07c8) 
thrown [s\open\src\hotspot\share\interpreter\linkResolver.cpp, line 774]
Event: 7.199 Thread 0x00000220889a69e0 Exception <a 'java/lang/NoSuchMethodError'{0x000000074cda3f80}: 'long java.lang.invoke.DelegatingMethodHandle$Holder.reinvoke_L(java.lang.Object, java.lang.Object)'> (0x000000074cda3f80) 
thrown [s\open\src\hotspot\share\interpreter\linkResolver.cpp, line 774]
Event: 7.281 Thread 0x00000220e11b37c0 Exception <a 'java/lang/NoSuchMethodError'{0x000000074c989f00}: 'java.lang.Object java.lang.invoke.DirectMethodHandle$Holder.invokeStaticInit(java.lang.Object, java.lang.Object, int, int, int, int)'> (0x000000074c989f00) 
thrown [s\open\src\hotspot\share\interpreter\linkResolver.cpp, line 774]
Event: 7.785 Thread 0x00000220e11b37c0 Exception <a 'java/lang/NoSuchMethodError'{0x000000074bcf44e8}: 'void java.lang.invoke.DirectMethodHandle$Holder.invokeStatic(java.lang.Object, long)'> (0x000000074bcf44e8) 
thrown [s\open\src\hotspot\share\interpreter\linkResolver.cpp, line 774]

VM Operations (20 events):
Event: 7.181 Executing VM operation: HandshakeAllThreads
Event: 7.182 Executing VM operation: HandshakeAllThreads done
Event: 7.200 Executing VM operation: HandshakeAllThreads
Event: 7.200 Executing VM operation: HandshakeAllThreads done
Event: 7.231 Executing VM operation: HandshakeAllThreads
Event: 7.232 Executing VM operation: HandshakeAllThreads done
Event: 7.232 Executing VM operation: HandshakeAllThreads
Event: 7.232 Executing VM operation: HandshakeAllThreads done
Event: 7.441 Executing VM operation: ICBufferFull
Event: 7.441 Executing VM operation: ICBufferFull done
Event: 7.477 Executing VM operation: HandshakeAllThreads
Event: 7.477 Executing VM operation: HandshakeAllThreads done
Event: 7.484 Executing VM operation: HandshakeAllThreads
Event: 7.484 Executing VM operation: HandshakeAllThreads done
Event: 7.503 Executing VM operation: HandshakeAllThreads
Event: 7.503 Executing VM operation: HandshakeAllThreads done
Event: 7.503 Executing VM operation: HandshakeAllThreads
Event: 7.503 Executing VM operation: HandshakeAllThreads done
Event: 7.787 Executing VM operation: HandshakeAllThreads
Event: 7.787 Executing VM operation: HandshakeAllThreads done

Events (20 events):
Event: 5.645 Thread 0x00000220fffb1920 Thread added: 0x00000220fffb1920
Event: 6.811 Thread 0x00000220fffb1920 Thread exited: 0x00000220fffb1920
Event: 6.895 Thread 0x00000220fffb0e00 Thread exited: 0x00000220fffb0e00
Event: 6.950 Thread 0x00000220fffb1eb0 Thread added: 0x00000220fffb1eb0
Event: 7.183 Thread 0x00000220889a69e0 Thread added: 0x00000220889a69e0
Event: 7.199 Thread 0x00000220889a69e0 Thread exited: 0x00000220889a69e0
Event: 7.233 Thread 0x00000220fffb5200 flushing nmethod 0x00000220f0ed0f10
Event: 7.233 Thread 0x00000220fffb5200 flushing nmethod 0x00000220f0ed8210
Event: 7.233 Thread 0x00000220fffb5200 flushing nmethod 0x00000220f0edf890
Event: 7.238 Thread 0x00000220fffb5200 flushing nmethod 0x00000220e9bc7c90
Event: 7.238 Thread 0x00000220fffb5200 flushing nmethod 0x00000220e9c67b90
Event: 7.238 Thread 0x00000220fffb5200 flushing nmethod 0x00000220e9c7b690
Event: 7.388 Thread 0x00000220889a54a0 Thread added: 0x00000220889a54a0
Event: 7.397 Thread 0x00000220889a79d0 Thread added: 0x00000220889a79d0
Event: 7.526 Thread 0x00000220fffb02e0 Thread added: 0x00000220fffb02e0
Event: 7.538 Thread 0x00000220889a7f20 Thread added: 0x00000220889a7f20
Event: 7.719 Thread 0x00000220fffb02e0 Thread exited: 0x00000220fffb02e0
Event: 7.804 Thread 0x00000220889a6490 Thread added: 0x00000220889a6490
Event: 7.804 Thread 0x00000220889a4a00 Thread added: 0x00000220889a4a00
Event: 7.810 Thread 0x00000220889a5f40 Thread added: 0x00000220889a5f40


Dynamic libraries:
0x00007ff74b590000 - 0x00007ff74b5a0000 	C:\Program Files\Java\jdk-19\bin\java.exe
0x00007ffb81af0000 - 0x00007ffb81ce8000 	C:\Windows\SYSTEM32\ntdll.dll
0x00007ffb7fea0000 - 0x00007ffb7ff62000 	C:\Windows\System32\KERNEL32.DLL
0x00007ffb7f4c0000 - 0x00007ffb7f7be000 	C:\Windows\System32\KERNELBASE.dll
0x00007ffb7f1e0000 - 0x00007ffb7f2e0000 	C:\Windows\System32\ucrtbase.dll
0x00007ffb6f560000 - 0x00007ffb6f57b000 	C:\Program Files\Java\jdk-19\bin\VCRUNTIME140.dll
0x00007ffb6c9f0000 - 0x00007ffb6ca08000 	C:\Program Files\Java\jdk-19\bin\jli.dll
0x00007ffb80270000 - 0x00007ffb80321000 	C:\Windows\System32\ADVAPI32.dll
0x00007ffb81a10000 - 0x00007ffb81aae000 	C:\Windows\System32\msvcrt.dll
0x00007ffb80ba0000 - 0x00007ffb80c3f000 	C:\Windows\System32\sechost.dll
0x00007ffb80d30000 - 0x00007ffb80e53000 	C:\Windows\System32\RPCRT4.dll
0x00007ffb7fae0000 - 0x00007ffb7fb07000 	C:\Windows\System32\bcrypt.dll
0x00007ffb80a00000 - 0x00007ffb80b9d000 	C:\Windows\System32\USER32.dll
0x00007ffb7f2e0000 - 0x00007ffb7f302000 	C:\Windows\System32\win32u.dll
0x00007ffb7ffd0000 - 0x00007ffb7fffb000 	C:\Windows\System32\GDI32.dll
0x00007ffb7f310000 - 0x00007ffb7f427000 	C:\Windows\System32\gdi32full.dll
0x00007ffb7f7c0000 - 0x00007ffb7f85d000 	C:\Windows\System32\msvcp_win.dll
0x00007ffb6c630000 - 0x00007ffb6c8ca000 	C:\Windows\WinSxS\amd64_microsoft.windows.common-controls_6595b64144ccf1df_6.0.19041.4355_none_60b8b9eb71f62e16\COMCTL32.dll
0x00007ffb7ecf0000 - 0x00007ffb7ecfa000 	C:\Windows\SYSTEM32\VERSION.dll
0x00007ffb803e0000 - 0x00007ffb8040f000 	C:\Windows\System32\IMM32.DLL
0x000000005c7a0000 - 0x000000005c7ac000 	C:\Program Files (x86)\360\Total Security\safemon\SafeWrapper.dll
0x00007ffaf4030000 - 0x00007ffaf40dc000 	C:\Program Files (x86)\360\Total Security\safemon\libzdtp64.dll
0x00007ffb810a0000 - 0x00007ffb8180d000 	C:\Windows\System32\SHELL32.dll
0x00007ffb80e60000 - 0x00007ffb80eb5000 	C:\Windows\System32\SHLWAPI.dll
0x00007ffb6f490000 - 0x00007ffb6f49c000 	C:\Program Files\Java\jdk-19\bin\vcruntime140_1.dll
0x00007ffb481b0000 - 0x00007ffb4823e000 	C:\Program Files\Java\jdk-19\bin\msvcp140.dll
0x00007ffb43180000 - 0x00007ffb43e40000 	C:\Program Files\Java\jdk-19\bin\server\jvm.dll
0x00007ffb64110000 - 0x00007ffb64119000 	C:\Windows\SYSTEM32\WSOCK32.dll
0x00007ffb63b40000 - 0x00007ffb63b67000 	C:\Windows\SYSTEM32\WINMM.dll
0x00007ffb80cc0000 - 0x00007ffb80d2b000 	C:\Windows\System32\WS2_32.dll
0x00007ffb7ddd0000 - 0x00007ffb7dde2000 	C:\Windows\SYSTEM32\kernel.appcore.dll
0x00007ffb6f480000 - 0x00007ffb6f48a000 	C:\Program Files\Java\jdk-19\bin\jimage.dll
0x00007ffb7d3b0000 - 0x00007ffb7d594000 	C:\Windows\SYSTEM32\DBGHELP.DLL
0x00007ffb6ca20000 - 0x00007ffb6ca54000 	C:\Windows\SYSTEM32\dbgcore.DLL
0x00007ffb7f430000 - 0x00007ffb7f4b2000 	C:\Windows\System32\bcryptPrimitives.dll
0x00007ffb6d6c0000 - 0x00007ffb6d6e6000 	C:\Program Files\Java\jdk-19\bin\java.dll
0x00007ffb46850000 - 0x00007ffb46927000 	C:\Program Files\Java\jdk-19\bin\jsvml.dll
0x00007ffb7cb40000 - 0x00007ffb7d2e4000 	C:\Windows\SYSTEM32\windows.storage.dll
0x00007ffb7fb10000 - 0x00007ffb7fe63000 	C:\Windows\System32\combase.dll
0x00007ffb7eb50000 - 0x00007ffb7eb7e000 	C:\Windows\SYSTEM32\Wldp.dll
0x00007ffb81810000 - 0x00007ffb818dd000 	C:\Windows\System32\OLEAUT32.dll
0x00007ffb80ff0000 - 0x00007ffb8109d000 	C:\Windows\System32\SHCORE.dll
0x00007ffb7f0c0000 - 0x00007ffb7f0e4000 	C:\Windows\SYSTEM32\profapi.dll
0x00007ffb6f540000 - 0x00007ffb6f553000 	C:\Program Files\Java\jdk-19\bin\net.dll
0x00007ffb75d00000 - 0x00007ffb75e0d000 	C:\Windows\SYSTEM32\WINHTTP.dll
0x00007ffb7e8b0000 - 0x00007ffb7e91a000 	C:\Windows\system32\mswsock.dll
0x00007ffb6c9d0000 - 0x00007ffb6c9e6000 	C:\Program Files\Java\jdk-19\bin\nio.dll
0x00007ffb6c9b0000 - 0x00007ffb6c9c8000 	C:\Program Files\Java\jdk-19\bin\zip.dll
0x0000000069ac0000 - 0x0000000069ae4000 	C:\Program Files\apache-maven-3.9.6\lib\jansi-native\Windows\x86_64\jansi.dll
0x00007ffb6c8e0000 - 0x00007ffb6c8f0000 	C:\Program Files\Java\jdk-19\bin\verify.dll
0x00007ffb7eab0000 - 0x00007ffb7eac8000 	C:\Windows\SYSTEM32\CRYPTSP.dll
0x00007ffb7e160000 - 0x00007ffb7e194000 	C:\Windows\system32\rsaenh.dll
0x00007ffb7f040000 - 0x00007ffb7f06e000 	C:\Windows\SYSTEM32\USERENV.dll
0x00007ffb7eaa0000 - 0x00007ffb7eaac000 	C:\Windows\SYSTEM32\CRYPTBASE.dll
0x00007ffb7e540000 - 0x00007ffb7e57b000 	C:\Windows\SYSTEM32\IPHLPAPI.DLL
0x00007ffb7fe70000 - 0x00007ffb7fe78000 	C:\Windows\System32\NSI.dll
0x00007ffb76d50000 - 0x00007ffb76d67000 	C:\Windows\SYSTEM32\dhcpcsvc6.DLL
0x00007ffb773c0000 - 0x00007ffb773dd000 	C:\Windows\SYSTEM32\dhcpcsvc.DLL
0x00007ffb7e580000 - 0x00007ffb7e64a000 	C:\Windows\SYSTEM32\DNSAPI.dll

dbghelp: loaded successfully - version: 4.0.5 - missing functions: none
symbol engine: initialized successfully - sym options: 0x614 - pdb path: .;C:\Program Files\Java\jdk-19\bin;C:\Windows\SYSTEM32;C:\Windows\WinSxS\amd64_microsoft.windows.common-controls_6595b64144ccf1df_6.0.19041.4355_none_60b8b9eb71f62e16;C:\Program Files (x86)\360\Total Security\safemon;C:\Program Files\Java\jdk-19\bin\server;C:\Program Files\apache-maven-3.9.6\lib\jansi-native\Windows\x86_64

VM Arguments:
jvm_args: -Dclassworlds.conf=C:\Program Files\apache-maven-3.9.6\bin\m2.conf -Dmaven.home=C:\Program Files\apache-maven-3.9.6 -Dlibrary.jansi.path=C:\Program Files\apache-maven-3.9.6\lib\jansi-native -Dmaven.multiModuleProjectDirectory=C:\Users\APC\Desktop\New folder\Microservice_Test\UserService 
java_command: org.codehaus.plexus.classworlds.launcher.Launcher clean install
java_class_path (initial): C:\Program Files\apache-maven-3.9.6\boot\plexus-classworlds-2.7.0.jar
Launcher Type: SUN_STANDARD

[Global flags]
     intx CICompilerCount                          = 4                                         {product} {ergonomic}
     uint ConcGCThreads                            = 2                                         {product} {ergonomic}
     uint G1ConcRefinementThreads                  = 8                                         {product} {ergonomic}
   size_t G1HeapRegionSize                         = 2097152                                   {product} {ergonomic}
    uintx GCDrainStackTargetSize                   = 64                                        {product} {ergonomic}
   size_t InitialHeapSize                          = 201326592                                 {product} {ergonomic}
   size_t MarkStackSize                            = 4194304                                   {product} {ergonomic}
   size_t MaxHeapSize                              = 3196059648                                {product} {ergonomic}
   size_t MaxNewSize                               = 1916796928                                {product} {ergonomic}
   size_t MinHeapDeltaBytes                        = 2097152                                   {product} {ergonomic}
   size_t MinHeapSize                              = 8388608                                   {product} {ergonomic}
    uintx NonNMethodCodeHeapSize                   = 5839372                                {pd product} {ergonomic}
    uintx NonProfiledCodeHeapSize                  = 122909434                              {pd product} {ergonomic}
    uintx ProfiledCodeHeapSize                     = 122909434                              {pd product} {ergonomic}
    uintx ReservedCodeCacheSize                    = 251658240                              {pd product} {ergonomic}
     bool SegmentedCodeCache                       = true                                      {product} {ergonomic}
   size_t SoftMaxHeapSize                          = 3196059648                             {manageable} {ergonomic}
     bool UseCompressedClassPointers               = true                           {product lp64_product} {ergonomic}
     bool UseCompressedOops                        = true                           {product lp64_product} {ergonomic}
     bool UseG1GC                                  = true                                      {product} {ergonomic}
     bool UseLargePagesIndividualAllocation        = false                                  {pd product} {ergonomic}

Logging:
Log output configuration:
 #0: stdout all=warning uptime,level,tags foldmultilines=false
 #1: stderr all=off uptime,level,tags foldmultilines=false

Environment Variables:
PATH=C:\Program Files\Python313\Scripts\;C:\Program Files\Python313\;C:\Program Files\Common Files\Oracle\Java\javapath;C:\Windows\system32;C:\Windows;C:\Windows\System32\Wbem;C:\Windows\System32\WindowsPowerShell\v1.0\;C:\Windows\System32\OpenSSH\;C:\Program Files\Java\jdk-1.8\bin;C:\Program Files\Git\cmd;C:\Program Files\nodejs\;C:\Program Files\apache-maven-3.9.6\bin;C:\Program Files\dotnet\;C:\Users\APC\AppData\Local\Android\Sdk\tools;C:\Users\APC\AppData\Local\Microsoft\WindowsApps;C:\Users\APC\AppData\Local\Programs\Microsoft VS Code\bin;C:\Users\APC\AppData\Roaming\npm;C:\Users\APC\AppData\Local\Android\Sdk\platform-tools;
USERNAME=APC
OS=Windows_NT
PROCESSOR_IDENTIFIER=Intel64 Family 6 Model 142 Stepping 10, GenuineIntel
TMP=C:\Users\APC\AppData\Local\Temp
TEMP=C:\Users\APC\AppData\Local\Temp



---------------  S Y S T E M  ---------------

OS:
 Windows 10 , 64 bit Build 19041 (10.0.19041.5198)
OS uptime: 0 days 1:47 hours

CPU: total 8 (initial active 8) (4 cores per cpu, 2 threads per core) family 6 model 142 stepping 10 microcode 0xf0, cx8, cmov, fxsr, ht, mmx, 3dnowpref, sse, sse2, sse3, ssse3, sse4.1, sse4.2, popcnt, lzcnt, tsc, tscinvbit, avx, avx2, aes, erms, clmul, bmi1, bmi2, adx, fma, vzeroupper, clflush, clflushopt, rdtscp

Memory: 4k page, system-wide physical 12185M (820M free)
TotalPageFile size 18329M (AvailPageFile size 290M)
current process WorkingSet (physical memory assigned to process): 319M, peak: 320M
current process commit charge ("private bytes"): 404M, peak: 408M

vm_info: Java HotSpot(TM) 64-Bit Server VM (19.0.2+7-44) for windows-amd64 JRE (19.0.2+7-44), built on 2022-11-30T18:02:09Z by "mach5one" with MS VC++ 17.1 (VS2022)

END.
